[2026/02/21 19:24:15   INFO]           [HytaleServer] Starting HytaleServer
[2026/02/21 19:24:15   INFO]           [HytaleServer] Loading config...
[2026/02/21 19:24:15 SEVERE]                   [SERR] decodeJson: class com.hypixel.hytale.codec.DocumentContainingCodec
[2026/02/21 19:24:15   INFO]           [HytaleServer] Authentication mode: AUTHENTICATED
[2026/02/21 19:24:16   INFO]      [ServerAuthManager] No server tokens configured. Use /auth login to authenticate, or provide tokens via CLI/environment.
[2026/02/21 19:24:16   INFO]      [ServerAuthManager] Server session ID: 736f43a9-f94b-4147-affc-9017b542e638
[2026/02/21 19:24:16   INFO]           [HytaleServer] Enabling Sentry
[2026/02/21 19:24:16   INFO]           [HytaleServer] Booting up HytaleServer - Version: 2026.02.19-1a311a592, Revision: 1a311a5921cb413cc899ada8941ff0b9ce1d64e1
[2026/02/21 19:24:16   INFO]           [HytaleServer] Setup phase...
[2026/02/21 19:24:16   INFO]          [PluginManager] Loading pending core plugins!
[2026/02/21 19:24:16   INFO]          [PluginManager] - Hytale:ConsoleModule
[2026/02/21 19:24:16   INFO]          [PluginManager] - Hytale:PermissionsModule
[2026/02/21 19:24:16   INFO]          [PluginManager] - Hytale:UpdateModule
[2026/02/21 19:24:16   INFO]          [PluginManager] - Hytale:FlyCameraModule
[2026/02/21 19:24:16   INFO]          [PluginManager] - Hytale:AssetModule
[2026/02/21 19:24:16   INFO]          [PluginManager] - Hytale:CommonAssetModule
[2026/02/21 19:24:16   INFO]          [PluginManager] - Hytale:CosmeticsModule
[2026/02/21 19:24:16   INFO]          [PluginManager] - Hytale:ServerManager
[2026/02/21 19:24:16   INFO]          [PluginManager] - Hytale:I18nModule
[2026/02/21 19:24:16   INFO]          [PluginManager] - Hytale:ItemModule
[2026/02/21 19:24:16   INFO]          [PluginManager] - Hytale:BlockTypeModule
[2026/02/21 19:24:16   INFO]          [PluginManager] - Hytale:LegacyModule
[2026/02/21 19:24:16   INFO]          [PluginManager] - Hytale:BlockModule
[2026/02/21 19:24:16   INFO]          [PluginManager] - Hytale:BlockStateModule
[2026/02/21 19:24:16   INFO]          [PluginManager] - Hytale:CollisionModule
[2026/02/21 19:24:16   INFO]          [PluginManager] - Hytale:BlockSetModule
[2026/02/21 19:24:16   INFO]          [PluginManager] - Hytale:MigrationModule
[2026/02/21 19:24:16   INFO]          [PluginManager] - Hytale:BlockHealthModule
[2026/02/21 19:24:16   INFO]          [PluginManager] - Hytale:PrefabSpawnerModule
[2026/02/21 19:24:16   INFO]          [PluginManager] - Hytale:TimeModule
[2026/02/21 19:24:16   INFO]          [PluginManager] - Hytale:AnchorActionModule
[2026/02/21 19:24:16   INFO]          [PluginManager] - Hytale:InteractionModule
[2026/02/21 19:24:16   INFO]          [PluginManager] - Hytale:EntityModule
[2026/02/21 19:24:16   INFO]          [PluginManager] - Hytale:EntityStatsModule
[2026/02/21 19:24:16   INFO]          [PluginManager] - Hytale:EntityUIModule
[2026/02/21 19:24:16   INFO]          [PluginManager] - Hytale:DamageModule
[2026/02/21 19:24:16   INFO]          [PluginManager] - Hytale:SplitVelocity
[2026/02/21 19:24:16   INFO]          [PluginManager] - Hytale:StaminaModule
[2026/02/21 19:24:16   INFO]          [PluginManager] - Hytale:DebugPlugin
[2026/02/21 19:24:16   INFO]          [PluginManager] - Hytale:ProjectileModule
[2026/02/21 19:24:16   INFO]          [PluginManager] - Hytale:ServerPlayerListModule
[2026/02/21 19:24:16   INFO]          [PluginManager] - Hytale:AccessControlModule
[2026/02/21 19:24:16   INFO]          [PluginManager] - Hytale:SingleplayerModule
[2026/02/21 19:24:16   INFO]          [PluginManager] - Hytale:Universe
[2026/02/21 19:24:16   INFO]          [PluginManager] - Hytale:ConnectedBlocksModule
[2026/02/21 19:24:16   INFO]          [PluginManager] Loading pending classpath plugins!
[2026/02/21 19:24:16   INFO]          [PluginManager] - Ellie:HyUI
[2026/02/21 19:24:16   INFO]          [PluginManager] - LucaStudios:EconomyPlus
[2026/02/21 19:24:16   INFO]          [PluginManager] - Hytale:AssetEditor
[2026/02/21 19:24:16   INFO]          [PluginManager] - Hytale:BlockSpawner
[2026/02/21 19:24:16   INFO]          [PluginManager] - Hytale:BlockTick
[2026/02/21 19:24:16   INFO]          [PluginManager] - Hytale:BlockPhysics
[2026/02/21 19:24:16   INFO]          [PluginManager] - Hytale:BuilderTools
[2026/02/21 19:24:16   INFO]          [PluginManager] - Hytale:Crafting
[2026/02/21 19:24:16   INFO]          [PluginManager] - Hytale:CommandMacro
[2026/02/21 19:24:16   INFO]          [PluginManager] - Hytale:Instances
[2026/02/21 19:24:16   INFO]          [PluginManager] - Hytale:LANDiscovery
[2026/02/21 19:24:16   INFO]          [PluginManager] - Hytale:NPC
[2026/02/21 19:24:16   INFO]          [PluginManager] - Hytale:NPCObjectives
[2026/02/21 19:24:16   INFO]          [PluginManager] - Hytale:ObjectiveReputation
[2026/02/21 19:24:16   INFO]          [PluginManager] - Hytale:Objectives
[2026/02/21 19:24:16   INFO]          [PluginManager] - Hytale:ObjectiveShop
[2026/02/21 19:24:16   INFO]          [PluginManager] - Hytale:Path
[2026/02/21 19:24:16   INFO]          [PluginManager] - Hytale:Reputation
[2026/02/21 19:24:16   INFO]          [PluginManager] - Hytale:NPCReputation
[2026/02/21 19:24:16   INFO]          [PluginManager] - Hytale:Shop
[2026/02/21 19:24:16   INFO]          [PluginManager] - Hytale:ShopReputation
[2026/02/21 19:24:16   INFO]          [PluginManager] - Hytale:NPCShop
[2026/02/21 19:24:16   INFO]          [PluginManager] - Hytale:NPCEditor
[2026/02/21 19:24:16   INFO]          [PluginManager] - Hytale:Stash
[2026/02/21 19:24:16   INFO]          [PluginManager] - Hytale:TagSet
[2026/02/21 19:24:16   INFO]          [PluginManager] - Hytale:Teleport
[2026/02/21 19:24:16   INFO]          [PluginManager] - Hytale:Fluid
[2026/02/21 19:24:16   INFO]          [PluginManager] - Hytale:Weather
[2026/02/21 19:24:16   INFO]          [PluginManager] - Hytale:WorldGen
[2026/02/21 19:24:16   INFO]          [PluginManager] - Hytale:Farming
[2026/02/21 19:24:16   INFO]          [PluginManager] - Hytale:Camera
[2026/02/21 19:24:16   INFO]          [PluginManager] - Hytale:WorldLocationCondition
[2026/02/21 19:24:16   INFO]          [PluginManager] - Hytale:NPCCombatActionEvaluator
[2026/02/21 19:24:16   INFO]          [PluginManager] - Hytale:Model
[2026/02/21 19:24:16   INFO]          [PluginManager] - Hytale:Mantling
[2026/02/21 19:24:16   INFO]          [PluginManager] - Hytale:SafetyRoll
[2026/02/21 19:24:16   INFO]          [PluginManager] - Hytale:SprintForce
[2026/02/21 19:24:16   INFO]          [PluginManager] - Hytale:CrouchSlide
[2026/02/21 19:24:16   INFO]          [PluginManager] - Hytale:Parkour
[2026/02/21 19:24:16   INFO]          [PluginManager] - Hytale:Mounts
[2026/02/21 19:24:16   INFO]          [PluginManager] - Hytale:HytaleGenerator
[2026/02/21 19:24:16   INFO]          [PluginManager] - Hytale:Teleporter
[2026/02/21 19:24:16   INFO]          [PluginManager] - Hytale:Memories
[2026/02/21 19:24:16   INFO]          [PluginManager] - Hytale:Deployables
[2026/02/21 19:24:16   INFO]          [PluginManager] - Hytale:Portals
[2026/02/21 19:24:16   INFO]          [PluginManager] - Hytale:Beds
[2026/02/21 19:24:16   INFO]          [PluginManager] - Hytale:Ambience
[2026/02/21 19:24:16   INFO]          [PluginManager] - Hytale:CreativeHub
[2026/02/21 19:24:16   INFO]          [PluginManager] - Hytale:RandomTick
[2026/02/21 19:24:16   INFO]          [PluginManager] Loading pending plugins from directory: mods
[2026/02/21 19:24:16   INFO]          [PluginManager] Loading pending plugins from directory: C:\Dev\HytaleMods\EconomyPlus\src\main
[2026/02/21 19:24:16   WARN]          [PluginManager] Plugin 'Ellie:HyUI' does not specify a target server version. You may encounter issues, please check for plugin updates. This will be a hard error in the future
[2026/02/21 19:24:16   WARN]          [PluginManager] Plugin 'LucaStudios:EconomyPlus' does not specify a target server version. You may encounter issues, please check for plugin updates. This will be a hard error in the future
[2026/02/21 19:24:16 SEVERE]          [PluginManager] One or more plugins are targeting a different server version. It is recommended to update these plugins to ensure compatibility.
[2026/02/21 19:24:17 SEVERE]          [PluginManager] Failed to load plugin C:\Dev\HytaleMods\EconomyPlus\libs\HyUI-0.5.7-all.jar
java.lang.UnsupportedClassVersionError: au/ellie/hyui/HyUIPlugin has been compiled by a more recent version of the Java Runtime (class file version 69.0), this version of the Java Runtime only recognizes class file versions up to 65.0
	at java.base/java.lang.ClassLoader.defineClass1(Native Method)
	at java.base/java.lang.ClassLoader.defineClass(ClassLoader.java:1027)
	at java.base/java.security.SecureClassLoader.defineClass(SecureClassLoader.java:150)
	at java.base/jdk.internal.loader.BuiltinClassLoader.defineClass(BuiltinClassLoader.java:862)
	at java.base/jdk.internal.loader.BuiltinClassLoader.findClassOnClassPathOrNull(BuiltinClassLoader.java:760)
	at java.base/jdk.internal.loader.BuiltinClassLoader.loadClassOrNull(BuiltinClassLoader.java:681)
	at java.base/jdk.internal.loader.BuiltinClassLoader.loadClass(BuiltinClassLoader.java:639)
	at java.base/jdk.internal.loader.ClassLoaders$AppClassLoader.loadClass(ClassLoaders.java:188)
	at java.base/java.lang.ClassLoader.loadClass(ClassLoader.java:526)
	at com.hypixel.hytale.server.core.plugin.PluginClassLoader.loadClass0(PluginClassLoader.java:94)
	at com.hypixel.hytale.server.core.plugin.PluginClassLoader.loadLocalClass(PluginClassLoader.java:151)
	at com.hypixel.hytale.server.core.plugin.pending.PendingLoadJavaPlugin.load(PendingLoadJavaPlugin.java:41)
	at com.hypixel.hytale.server.core.plugin.pending.PendingLoadJavaPlugin.load(PendingLoadJavaPlugin.java:14)
	at com.hypixel.hytale.server.core.plugin.PluginManager.setup(PluginManager.java:240)
	at com.hypixel.hytale.server.core.HytaleServer.boot(HytaleServer.java:386)
	at com.hypixel.hytale.server.core.HytaleServer.<init>(HytaleServer.java:344)
	at com.hypixel.hytale.LateMain.lateMain(LateMain.java:56)
	at com.hypixel.hytale.Main.main(Main.java:43)

[2026/02/21 19:24:17 SEVERE]          [PluginManager] Failed to load plugin C:\Dev\HytaleMods\EconomyPlus\build\resources\main
java.lang.UnsupportedClassVersionError: com/lucastudios/EconomyPlus/Main has been compiled by a more recent version of the Java Runtime (class file version 69.0), this version of the Java Runtime only recognizes class file versions up to 65.0
	at java.base/java.lang.ClassLoader.defineClass1(Native Method)
	at java.base/java.lang.ClassLoader.defineClass(ClassLoader.java:1027)
	at java.base/java.security.SecureClassLoader.defineClass(SecureClassLoader.java:150)
	at java.base/jdk.internal.loader.BuiltinClassLoader.defineClass(BuiltinClassLoader.java:862)
	at java.base/jdk.internal.loader.BuiltinClassLoader.findClassOnClassPathOrNull(BuiltinClassLoader.java:760)
	at java.base/jdk.internal.loader.BuiltinClassLoader.loadClassOrNull(BuiltinClassLoader.java:681)
	at java.base/jdk.internal.loader.BuiltinClassLoader.loadClass(BuiltinClassLoader.java:639)
	at java.base/jdk.internal.loader.ClassLoaders$AppClassLoader.loadClass(ClassLoaders.java:188)
	at java.base/java.lang.ClassLoader.loadClass(ClassLoader.java:526)
	at com.hypixel.hytale.server.core.plugin.PluginClassLoader.loadClass0(PluginClassLoader.java:94)
	at com.hypixel.hytale.server.core.plugin.PluginClassLoader.loadLocalClass(PluginClassLoader.java:151)
	at com.hypixel.hytale.server.core.plugin.pending.PendingLoadJavaPlugin.load(PendingLoadJavaPlugin.java:41)
	at com.hypixel.hytale.server.core.plugin.pending.PendingLoadJavaPlugin.load(PendingLoadJavaPlugin.java:14)
	at com.hypixel.hytale.server.core.plugin.PluginManager.setup(PluginManager.java:240)
	at com.hypixel.hytale.server.core.HytaleServer.boot(HytaleServer.java:386)
	at com.hypixel.hytale.server.core.HytaleServer.<init>(HytaleServer.java:344)
	at com.hypixel.hytale.LateMain.lateMain(LateMain.java:56)
	at com.hypixel.hytale.Main.main(Main.java:43)

[2026/02/21 19:24:17   INFO]           [HytaleServer] Shutdown triggered!!!
[2026/02/21 19:24:17   INFO]           [HytaleServer] Shutting down... 9  'Failed to boot the following plugins:
 - Ellie:HyUI
 - LucaStudios:EconomyPlus'
[2026/02/21 19:24:17   INFO]          [PluginManager] Saving plugins config...
[2026/02/21 19:24:17   INFO]           [HytaleServer] Saving config...
[2026/02/21 19:24:17   INFO]           [HytaleServer] Shutdown completed!
