[2026/01/17 19:28:43   INFO]           [HytaleServer] Starting HytaleServer
[2026/01/17 19:28:43   INFO]           [HytaleServer] Loading config...
[2026/01/17 19:28:43 SEVERE]                   [SERR] decodeJson: class com.hypixel.hytale.codec.DocumentContainingCodec
[2026/01/17 19:28:43   INFO]           [HytaleServer] Authentication mode: AUTHENTICATED
[2026/01/17 19:28:43   INFO]      [ServerAuthManager] No server tokens configured. Use /auth login to authenticate, or provide tokens via CLI/environment.
[2026/01/17 19:28:43   INFO]      [ServerAuthManager] Server session ID: a39b8cc9-226d-4fb2-93c2-dddc2ea1de1d
[2026/01/17 19:28:43   INFO]           [HytaleServer] Enabling Sentry
[2026/01/17 19:28:44   INFO]           [HytaleServer] Booting up HytaleServer - Version: 2026.01.17-4b0f30090, Revision: 4b0f30090ab99c9ce84652006e40c825c555ad98
[2026/01/17 19:28:44   INFO]           [HytaleServer] Setup phase...
[2026/01/17 19:28:44   INFO]          [PluginManager] Loading pending core plugins!
[2026/01/17 19:28:44   INFO]          [PluginManager] - Hytale:ConsoleModule
[2026/01/17 19:28:44   INFO]          [PluginManager] - Hytale:PermissionsModule
[2026/01/17 19:28:44   INFO]          [PluginManager] - Hytale:FlyCameraModule
[2026/01/17 19:28:44   INFO]          [PluginManager] - Hytale:AssetModule
[2026/01/17 19:28:44   INFO]          [PluginManager] - Hytale:CommonAssetModule
[2026/01/17 19:28:44   INFO]          [PluginManager] - Hytale:CosmeticsModule
[2026/01/17 19:28:44   INFO]          [PluginManager] - Hytale:ServerManager
[2026/01/17 19:28:44   INFO]          [PluginManager] - Hytale:I18nModule
[2026/01/17 19:28:44   INFO]          [PluginManager] - Hytale:ItemModule
[2026/01/17 19:28:44   INFO]          [PluginManager] - Hytale:BlockTypeModule
[2026/01/17 19:28:44   INFO]          [PluginManager] - Hytale:LegacyModule
[2026/01/17 19:28:44   INFO]          [PluginManager] - Hytale:BlockModule
[2026/01/17 19:28:44   INFO]          [PluginManager] - Hytale:BlockStateModule
[2026/01/17 19:28:44   INFO]          [PluginManager] - Hytale:CollisionModule
[2026/01/17 19:28:44   INFO]          [PluginManager] - Hytale:BlockSetModule
[2026/01/17 19:28:44   INFO]          [PluginManager] - Hytale:MigrationModule
[2026/01/17 19:28:44   INFO]          [PluginManager] - Hytale:BlockHealthModule
[2026/01/17 19:28:44   INFO]          [PluginManager] - Hytale:PrefabSpawnerModule
[2026/01/17 19:28:44   INFO]          [PluginManager] - Hytale:TimeModule
[2026/01/17 19:28:44   INFO]          [PluginManager] - Hytale:InteractionModule
[2026/01/17 19:28:44   INFO]          [PluginManager] - Hytale:EntityModule
[2026/01/17 19:28:44   INFO]          [PluginManager] - Hytale:EntityStatsModule
[2026/01/17 19:28:44   INFO]          [PluginManager] - Hytale:EntityUIModule
[2026/01/17 19:28:44   INFO]          [PluginManager] - Hytale:DamageModule
[2026/01/17 19:28:44   INFO]          [PluginManager] - Hytale:SplitVelocity
[2026/01/17 19:28:44   INFO]          [PluginManager] - Hytale:StaminaModule
[2026/01/17 19:28:44   INFO]          [PluginManager] - Hytale:DebugPlugin
[2026/01/17 19:28:44   INFO]          [PluginManager] - Hytale:ProjectileModule
[2026/01/17 19:28:44   INFO]          [PluginManager] - Hytale:ServerPlayerListModule
[2026/01/17 19:28:44   INFO]          [PluginManager] - Hytale:AccessControlModule
[2026/01/17 19:28:44   INFO]          [PluginManager] - Hytale:SingleplayerModule
[2026/01/17 19:28:44   INFO]          [PluginManager] - Hytale:Universe
[2026/01/17 19:28:44   INFO]          [PluginManager] - Hytale:ConnectedBlocksModule
[2026/01/17 19:28:44   INFO]          [PluginManager] Loading pending classpath plugins!
[2026/01/17 19:28:44   INFO]          [PluginManager] - TAB:TAB
[2026/01/17 19:28:44   INFO]          [PluginManager] - Hytale:AssetEditor
[2026/01/17 19:28:44   INFO]          [PluginManager] - Hytale:BlockSpawner
[2026/01/17 19:28:44   INFO]          [PluginManager] - Hytale:BlockTick
[2026/01/17 19:28:44   INFO]          [PluginManager] - Hytale:BlockPhysics
[2026/01/17 19:28:44   INFO]          [PluginManager] - Hytale:BuilderTools
[2026/01/17 19:28:44   INFO]          [PluginManager] - Hytale:Crafting
[2026/01/17 19:28:44   INFO]          [PluginManager] - Hytale:CommandMacro
[2026/01/17 19:28:44   INFO]          [PluginManager] - Hytale:Instances
[2026/01/17 19:28:44   INFO]          [PluginManager] - Hytale:LANDiscovery
[2026/01/17 19:28:44   INFO]          [PluginManager] - Hytale:NPC
[2026/01/17 19:28:44   INFO]          [PluginManager] - Hytale:NPCObjectives
[2026/01/17 19:28:44   INFO]          [PluginManager] - Hytale:ObjectiveReputation
[2026/01/17 19:28:44   INFO]          [PluginManager] - Hytale:Objectives
[2026/01/17 19:28:44   INFO]          [PluginManager] - Hytale:ObjectiveShop
[2026/01/17 19:28:44   INFO]          [PluginManager] - Hytale:Path
[2026/01/17 19:28:44   INFO]          [PluginManager] - Hytale:Reputation
[2026/01/17 19:28:44   INFO]          [PluginManager] - Hytale:NPCReputation
[2026/01/17 19:28:44   INFO]          [PluginManager] - Hytale:Shop
[2026/01/17 19:28:44   INFO]          [PluginManager] - Hytale:ShopReputation
[2026/01/17 19:28:44   INFO]          [PluginManager] - Hytale:NPCShop
[2026/01/17 19:28:44   INFO]          [PluginManager] - Hytale:NPCEditor
[2026/01/17 19:28:44   INFO]          [PluginManager] - Hytale:Stash
[2026/01/17 19:28:44   INFO]          [PluginManager] - Hytale:TagSet
[2026/01/17 19:28:44   INFO]          [PluginManager] - Hytale:Teleport
[2026/01/17 19:28:44   INFO]          [PluginManager] - Hytale:Fluid
[2026/01/17 19:28:44   INFO]          [PluginManager] - Hytale:Weather
[2026/01/17 19:28:44   INFO]          [PluginManager] - Hytale:WorldGen
[2026/01/17 19:28:44   INFO]          [PluginManager] - Hytale:Farming
[2026/01/17 19:28:44   INFO]          [PluginManager] - Hytale:Camera
[2026/01/17 19:28:44   INFO]          [PluginManager] - Hytale:WorldLocationCondition
[2026/01/17 19:28:44   INFO]          [PluginManager] - Hytale:NPCCombatActionEvaluator
[2026/01/17 19:28:44   INFO]          [PluginManager] - Hytale:Model
[2026/01/17 19:28:44   INFO]          [PluginManager] - Hytale:Mantling
[2026/01/17 19:28:44   INFO]          [PluginManager] - Hytale:SafetyRoll
[2026/01/17 19:28:44   INFO]          [PluginManager] - Hytale:SprintForce
[2026/01/17 19:28:44   INFO]          [PluginManager] - Hytale:CrouchSlide
[2026/01/17 19:28:44   INFO]          [PluginManager] - Hytale:Parkour
[2026/01/17 19:28:44   INFO]          [PluginManager] - Hytale:Mounts
[2026/01/17 19:28:44   INFO]          [PluginManager] - Hytale:HytaleGenerator
[2026/01/17 19:28:44   INFO]          [PluginManager] - Hytale:Teleporter
[2026/01/17 19:28:44   INFO]          [PluginManager] - Hytale:Memories
[2026/01/17 19:28:44   INFO]          [PluginManager] - Hytale:Deployables
[2026/01/17 19:28:44   INFO]          [PluginManager] - Hytale:Portals
[2026/01/17 19:28:44   INFO]          [PluginManager] - Hytale:Beds
[2026/01/17 19:28:44   INFO]          [PluginManager] - Hytale:Ambience
[2026/01/17 19:28:44   INFO]          [PluginManager] - Hytale:CreativeHub
[2026/01/17 19:28:44   INFO]          [PluginManager] Loading pending plugins from directory: mods
[2026/01/17 19:28:44   INFO]          [PluginManager] Loading pending plugins from directory: C:\Dev\HytaleMods\Hytale-Example-Project-plugin\src\main
[2026/01/17 19:28:44   INFO]                   [Main] com.behar.TAB config path: C:\Dev\HytaleMods\Hytale-Example-Project-plugin\run\mods\TAB_TAB\tab.yml
[2026/01/17 19:28:44   INFO]                   [Main] com.behar.TAB header loaded: \nPlayers Tab\nOnline players: %online%\n
[2026/01/17 19:28:44   INFO]                   [Main] com.behar.TAB footer loaded: \nJoin our discord! /discord\n
[2026/01/17 19:28:44   INFO]          [AssetModule|P] Asset monitor enabled!
[2026/01/17 19:28:45   INFO]          [AssetModule|P] Loaded pack: Hytale:Hytale from Assets.zip
[2026/01/17 19:28:45   INFO]          [AssetModule|P] Loading packs from directory: mods
[2026/01/17 19:28:45   WARN]          [AssetModule|P] Skipping pack at TAB_TAB: missing or invalid manifest.json
[2026/01/17 19:28:45   INFO]          [AssetModule|P] Loading packs from directory: C:\Dev\HytaleMods\Hytale-Example-Project-plugin\src\main
[2026/01/17 19:28:45   WARN]          [AssetModule|P] Skipping pack at java: missing or invalid manifest.json
[2026/01/17 19:28:45   INFO]          [AssetModule|P] Loaded pack: TAB:TAB from resources
[2026/01/17 19:28:45   WARN]              [org.jline] Unable to create a system terminal, creating a dumb terminal (enable debug logging for more information)
[2026/01/17 19:28:45   INFO]        [ConsoleModule|P] Setup console with type: dumb-color
[2026/01/17 19:28:45   INFO]      [ServerAuthManager] Server certificate set: CN=localhost
[2026/01/17 19:28:45   INFO]          [QUICTransport] Server certificate registered for mutual auth, fingerprint: xY0taPrivAziLfu1ZZmJB4AHUo5EsjMacYKp6cCh7Ug
[2026/01/17 19:28:45   INFO]          [QUICTransport] Using IPv4 Datagram Channel: NioDatagramChannel(INET)...
[2026/01/17 19:28:45   INFO]          [QUICTransport] Using IPv6 Datagram Channel: NioDatagramChannel(INET6)...
[2026/01/17 19:28:45   INFO]        [ServerManager|P] Took 1sec 200ms 490us to setup transport!
[2026/01/17 19:28:48   INFO] [EncryptedAuthCredentialStore] Loaded encrypted credentials from auth.enc
[2026/01/17 19:28:48   INFO]            [ServerAuthManager] Auth credential store: Encrypted
[2026/01/17 19:28:48   INFO]            [ServerAuthManager] Found stored credentials, attempting to restore session...
[2026/01/17 19:28:48   INFO]            [ServerAuthManager] Refreshing OAuth tokens...
[2026/01/17 19:28:48   INFO]         [SessionServiceClient] Session Service client initialized for: https://sessions.hytale.com
[2026/01/17 19:28:48   INFO]         [SessionServiceClient] Fetching game profiles...
[2026/01/17 19:28:49   INFO]         [SessionServiceClient] Found 1 game profile(s)
[2026/01/17 19:28:49   INFO]            [ServerAuthManager] Auto-selected profile: MrPizza (b4e8c74c-bbf1-4af8-b881-0d52ebb7af17)
[2026/01/17 19:28:49   INFO]         [SessionServiceClient] Creating game session...
[2026/01/17 19:28:49   INFO]         [SessionServiceClient] Successfully created game session
[2026/01/17 19:28:49   INFO]            [ServerAuthManager] Token refresh scheduled in 3299 seconds
[2026/01/17 19:28:49   INFO]            [ServerAuthManager] Authentication successful! Mode: OAUTH_STORE
[2026/01/17 19:28:49   INFO]            [ServerAuthManager] Session restored from stored credentials
[2026/01/17 19:28:49   INFO]                 [HytaleServer] Setup phase completed! Boot time 6sec 18ms 445us 800ns
[2026/01/17 19:28:49   INFO]                       [Hytale] Loading common assets from: /
[2026/01/17 19:28:49   INFO]          [CommonAssetModule|P] Took 81ms 531us 700ns to load 22913 assets from CommonAssetsIndex.hashes file.
[2026/01/17 19:28:49   WARN]          [CommonAssetModule|P] Duplicated Asset Count: 931
[2026/01/17 19:28:49   INFO]                       [Hytale] Loading common assets phase completed! Boot time 6sec 101ms 808us 200ns, Took 82ms 660us 800ns
[2026/01/17 19:28:49   INFO]                       [Hytale] Loading common assets from: C:\Dev\HytaleMods\Hytale-Example-Project-plugin\src\main\resources
[2026/01/17 19:28:49   INFO]          [CommonAssetModule|P] Took 8ms 126us 500ns to walk file tree and load 1 assets.
[2026/01/17 19:28:49   WARN]          [CommonAssetModule|P] Duplicated Asset Count: 931
[2026/01/17 19:28:49   INFO]                       [Hytale] Loading common assets phase completed! Boot time 6sec 118ms 615us 300ns, Took 15ms 972us 800ns
[2026/01/17 19:28:49   INFO]          [AssetRegistryLoader] Loading 91 asset stores...
[2026/01/17 19:28:49   INFO]          [AssetRegistryLoader] Pre-adding assets...
[2026/01/17 19:28:49   INFO]            [CollisionModule|P] Block extents for CollisionSystem is Max=0.0, Min=0.0
[2026/01/17 19:28:49   INFO]                       [Hytale] Loading assets from: /Server
[2026/01/17 19:28:49   INFO]          [AssetRegistryLoader] Loading assets from /Server
[2026/01/17 19:28:49   WARN] [AssetStore|ScriptedBrushAsset] Unused key(s) in 'FluidMaskExample' file /Server/ScriptedBrushes/Examples/FluidMaskExample.json: Description
[2026/01/17 19:28:49   WARN] [AssetStore|ScriptedBrushAsset] Asset key 'templeFloor' for file '/Server/ScriptedBrushes/Archive/templeFloor.json' has incorrect format! Expected: 'TempleFloor'
[2026/01/17 19:28:49   WARN] [AssetStore|ScriptedBrushAsset] Unused key(s) in 'ReplaceWaterExample' file /Server/ScriptedBrushes/Examples/ReplaceWaterExample.json: Description
[2026/01/17 19:28:49   WARN] [AssetStore|ScriptedBrushAsset] Asset key 'templeRandom' for file '/Server/ScriptedBrushes/Archive/templeRandom.json' has incorrect format! Expected: 'TempleRandom'
[2026/01/17 19:28:49   WARN] [AssetStore|ScriptedBrushAsset] Asset key 'MountainBrush_old' for file '/Server/ScriptedBrushes/Archive/MountainBrush_old.json' has incorrect format! Expected: 'MountainBrush_Old'
[2026/01/17 19:28:49 SEVERE]                          [SERR] Reallocate: 131072 to 1179648
[2026/01/17 19:28:49   WARN] [AssetStore|ScriptedBrushAsset] Asset key 'moltenBall' for file '/Server/ScriptedBrushes/Archive/moltenBall.json' has incorrect format! Expected: 'MoltenBall'
[2026/01/17 19:28:49   WARN] [AssetStore|ScriptedBrushAsset] Asset key 'templePillars' for file '/Server/ScriptedBrushes/Archive/templePillars.json' has incorrect format! Expected: 'TemplePillars'
[2026/01/17 19:28:49   WARN] [AssetStore|ScriptedBrushAsset] Asset key 'BoulderBrush_old' for file '/Server/ScriptedBrushes/Archive/BoulderBrush_old.json' has incorrect format! Expected: 'BoulderBrush_Old'
[2026/01/17 19:28:49   WARN] [AssetStore|ScriptedBrushAsset] Asset key 'templeDestruction' for file '/Server/ScriptedBrushes/Archive/templeDestruction.json' has incorrect format! Expected: 'TempleDestruction'
[2026/01/17 19:28:49   WARN] [AssetStore|ScriptedBrushAsset] Asset key 'keepDestruction' for file '/Server/ScriptedBrushes/Archive/keepDestruction.json' has incorrect format! Expected: 'KeepDestruction'
[2026/01/17 19:28:49   WARN] [AssetStore|ScriptedBrushAsset] Asset key 'templeWalls' for file '/Server/ScriptedBrushes/Archive/templeWalls.json' has incorrect format! Expected: 'TempleWalls'
[2026/01/17 19:28:49   WARN]           [AssetStore|ModelVFX] Asset key 'test' for file '/Server/Entity/ModelVFX/test.json' has incorrect format! Expected: 'Test'
[2026/01/17 19:28:49   WARN] [AssetStore|CustomConnectedBlockTemplateAsset] Unused key(s) in 'DoorLargeConnectedBlockTemplate' file /Server/Item/CustomConnectedBlockTemplates/DoorLargeConnectedBlockTemplate.json: ConnectsToOtherTemplates
[2026/01/17 19:28:49   WARN] [AssetStore|CustomConnectedBlockTemplateAsset] Unused key(s) in 'RailsConnectedBlockTemplate' file /Server/Item/CustomConnectedBlockTemplates/RailsConnectedBlockTemplate.json: MaterialName
[2026/01/17 19:28:49   WARN]              [MacroCommandBase] Could not parse default argument value for argument: 'world' on Macro Command: 'settimeandgohome'.
server.commands.errors.noSuchWorld{name=com.hypixel.hytale.protocol.StringParamValue@bf4c6e40}
server.commands.errors.noSuchWorld{name=com.hypixel.hytale.protocol.StringParamValue@bf4c6e40}
[2026/01/17 19:28:49   WARN]    [AssetStore|PrefabListAsset] Asset key 'Trees_Ash_swamp_dead' for file '/Server/PrefabList/Trees_Ash_swamp_dead.json' has incorrect format! Expected: 'Trees_Ash_Swamp_Dead'
[2026/01/17 19:28:49   WARN]    [AssetStore|PrefabListAsset] Asset key 'Trees_Fir_red' for file '/Server/PrefabList/Trees_Fir_red.json' has incorrect format! Expected: 'Trees_Fir_Red'
[2026/01/17 19:28:49   WARN]    [AssetStore|PrefabListAsset] Asset key 'Trees_Ash_twisted_Giant' for file '/Server/PrefabList/Trees_Ash_twisted_Giant.json' has incorrect format! Expected: 'Trees_Ash_Twisted_Giant'
[2026/01/17 19:28:49   WARN]    [AssetStore|PrefabListAsset] Asset key 'Trees_Ash_twisted' for file '/Server/PrefabList/Trees_Ash_twisted.json' has incorrect format! Expected: 'Trees_Ash_Twisted'
[2026/01/17 19:28:49   WARN]    [AssetStore|PrefabListAsset] Asset key 'Trees_Ash_swamp' for file '/Server/PrefabList/Trees_Ash_swamp.json' has incorrect format! Expected: 'Trees_Ash_Swamp'
[2026/01/17 19:28:49   WARN]    [AssetStore|PrefabListAsset] Asset key 'Trees_Ash_twisted_Large' for file '/Server/PrefabList/Trees_Ash_twisted_Large.json' has incorrect format! Expected: 'Trees_Ash_Twisted_Large'
[2026/01/17 19:28:49   WARN]    [AssetStore|PrefabListAsset] Asset key 'Trees_Burnt_dead' for file '/Server/PrefabList/Trees_Burnt_dead.json' has incorrect format! Expected: 'Trees_Burnt_Dead'
[2026/01/17 19:28:49   WARN] [AssetStore|WorldStructureAsset] Unused key(s) in 'Interpolation' file /Server/HytaleGenerator/WorldStructures/Dev/Interpolation.json: BiomeTransitions
[2026/01/17 19:28:49   INFO]              [HytaleGenerator|P] Loaded Settings asset.
[2026/01/17 19:28:49   WARN]    [AssetStore|AssignmentsAsset] Unused key(s) in 'Runtime_Defect_1' file /Server/HytaleGenerator/Assignments/Dev/Runtime_Defect_1.json: Prop.BoxBlockType
[2026/01/17 19:28:49   WARN]    [AssetStore|AssignmentsAsset] Unused key(s) in 'Runtime_Defect_0' file /Server/HytaleGenerator/Assignments/Dev/Runtime_Defect_0.json: Prop.BoxBlockType
[2026/01/17 19:28:49   WARN]    [AssetStore|AssignmentsAsset] Unused key(s) in 'Plains1_Deeproot_Grasses' file /Server/HytaleGenerator/Assignments/Plains1/Plains1_Deeproot_Grasses.json: FieldFunction.CacheSize
[2026/01/17 19:28:49   WARN]                [HytaleGenerator] Duplicate export name for asset: Plains1_OakPattern_Floor_Grass
[2026/01/17 19:28:49   WARN]                [HytaleGenerator] Duplicate export name for asset: Volcanic1_Swamp_Bushes_Jungles_Pattern
[2026/01/17 19:28:49   INFO]                [HytaleGenerator] Exported Scanner asset with name 'Desert1_Oasis_Grasses_Scanner' with asset id 'null
[2026/01/17 19:28:49   WARN]    [AssetStore|AssignmentsAsset] Unused key(s) in 'Plains1_Mountains_Grasses' file /Server/HytaleGenerator/Assignments/Plains1/Plains1_Mountains_Grasses.json: FieldFunction.CacheSize
[2026/01/17 19:28:49   INFO]                [HytaleGenerator] Exported Scanner asset with name 'Desert1_Boulders_Scanner' with asset id 'null
[2026/01/17 19:28:49   WARN]    [AssetStore|AssignmentsAsset] Unused key(s) in 'Desert1_Oasis_Grasses' file /Server/HytaleGenerator/Assignments/Desert1/Desert1_Oasis_Grasses.json: $Comments
[2026/01/17 19:28:49   WARN]                [HytaleGenerator] Duplicate export name for asset: Plains1_OakPattern_Floor_Grass
[2026/01/17 19:28:49   WARN]    [AssetStore|AssignmentsAsset] Unused key(s) in 'Desert1_Oasis_Boulders' file /Server/HytaleGenerator/Assignments/Desert1/Desert1_Oasis_Boulders.json: $Comments
[2026/01/17 19:28:49   INFO]                [HytaleGenerator] Exported Scanner asset with name 'Plains1_Gorges_Boulder_Scanner' with asset id 'null
[2026/01/17 19:28:49   INFO]                [HytaleGenerator] Exported Scanner asset with name 'Desert1_Boab_Scanner' with asset id 'null
[2026/01/17 19:28:49   WARN]                [HytaleGenerator] Duplicate export name for asset: Desert1_Boulders_Scanner
[2026/01/17 19:28:49   INFO]                [HytaleGenerator] Exported Scanner asset with name 'Desert1_Boulders_Scanner' with asset id 'null
[2026/01/17 19:28:49   WARN]    [AssetStore|AssignmentsAsset] Unused key(s) in 'Desert1_Oasis_Flowers' file /Server/HytaleGenerator/Assignments/Desert1/Desert1_Oasis_Flowers.json: $Comments
[2026/01/17 19:28:49   INFO]                [HytaleGenerator] Exported Scanner asset with name 'Plains1_Gorges_Tree_Scanner' with asset id 'null
[2026/01/17 19:28:49   WARN]                [HytaleGenerator] Duplicate export name for asset: Plains1_OakPattern_Floor_Grass
[2026/01/17 19:28:49   WARN]                [HytaleGenerator] Duplicate export name for asset: Plains1_Sticks
[2026/01/17 19:28:49   WARN]    [AssetStore|AssignmentsAsset] Unused key(s) in 'Taiga1_Rivers_Grasses' file /Server/HytaleGenerator/Assignments/Taiga1/Taiga1_Rivers_Grasses.json: $Comments
[2026/01/17 19:28:49   WARN]    [AssetStore|AssignmentsAsset] Unused key(s) in 'Plains1_Oak_Bushes' file /Server/HytaleGenerator/Assignments/Plains1/Plains1_Oak_Bushes.json: FieldFunction.CacheSize
[2026/01/17 19:28:49   INFO]                [HytaleGenerator] Exported Scanner asset with name 'Desert1_Palm_Scanner' with asset id 'null
[2026/01/17 19:28:49   INFO]                [HytaleGenerator] Exported Scanner asset with name 'Desert1_Dry_Scanner' with asset id 'null
[2026/01/17 19:28:49   WARN]    [AssetStore|AssignmentsAsset] Unused key(s) in 'Desert1_Oasis_Trees_Dry' file /Server/HytaleGenerator/Assignments/Desert1/Desert1_Oasis_Trees_Dry.json: $Comments
[2026/01/17 19:28:49   INFO]                [HytaleGenerator] Exported Scanner asset with name 'Desert1_Oasis_Plants_2_Scanner' with asset id 'null
[2026/01/17 19:28:49   WARN]    [AssetStore|AssignmentsAsset] Unused key(s) in 'Desert1_Oasis_Flowers_2' file /Server/HytaleGenerator/Assignments/Desert1/Desert1_Oasis_Flowers_2.json: $Comments
[2026/01/17 19:28:50   INFO]              [CollisionModule|P] Block extents for CollisionSystem is Max=3.0, Min=0.0
[2026/01/17 19:28:50   WARN]               [BlockSetModule|P] Creating block sets: Failed to find block name 'Furniture_Temple_Light_Statue'
[2026/01/17 19:28:50   WARN]               [BlockSetModule|P] Creating block sets: Failed to find block name 'Ingredient_Hay'
[2026/01/17 19:28:50   WARN]               [BlockSetModule|P] Creating block sets: Failed to find block name 'Wood_Softwood_Planks'
[2026/01/17 19:28:50   WARN]               [BlockSetModule|P] Creating block sets: Failed to find block name 'Furniture_Feran_Bed'
[2026/01/17 19:28:50   WARN]               [BlockSetModule|P] Creating block sets: Failed to find block name 'Coop_Chicken'
[2026/01/17 19:28:50   WARN]               [BlockSetModule|P] Creating block sets: Failed to find hitbox name 'Fence'
[2026/01/17 19:28:50   WARN]               [BlockSetModule|P] Creating block sets: Failed to find hitbox name 'Fence_Gate'
[2026/01/17 19:28:50   WARN]               [BlockSetModule|P] Creating block sets: Failed to find hitbox name 'Fence_Gate_Open_In'
[2026/01/17 19:28:50   WARN]               [BlockSetModule|P] Creating block sets: Failed to find hitbox name 'Fence_Gate_Open_Out'
[2026/01/17 19:28:50   WARN]               [BlockSetModule|P] Creating block sets: Failed to find hitbox name 'Fence_Thin'
[2026/01/17 19:28:50   WARN]               [BlockSetModule|P] Creating block sets: Failed to find hitbox name 'Fence_Thick'
[2026/01/17 19:28:50   WARN]               [BlockSetModule|P] Creating block sets: Failed to find hitbox name 'Fence_Corner'
[2026/01/17 19:28:50   WARN]               [BlockSetModule|P] Creating block sets: Failed to find hitbox name 'Fence_Corner_Thin'
[2026/01/17 19:28:50   WARN]               [BlockSetModule|P] Creating block sets: Failed to find hitbox name 'Fence_Corner_Thick'
[2026/01/17 19:28:50   WARN]               [BlockSetModule|P] Creating block sets: Failed to find block name 'Furniture_Crude_Bed'
[2026/01/17 19:28:50   WARN]               [BlockSetModule|P] Creating block sets: Failed to find block name 'Soil_Grass'
[2026/01/17 19:28:50   WARN]               [BlockSetModule|P] Creating block sets: Failed to find block name 'Soil_Dirt'
[2026/01/17 19:28:50   WARN]               [BlockSetModule|P] Creating block sets: Failed to find block name 'Soil_Dirt_Poisoned'
[2026/01/17 19:28:50   WARN]               [BlockSetModule|P] Creating block sets: Failed to find block name 'Soil_Mud'
[2026/01/17 19:28:50   WARN]               [BlockSetModule|P] Creating block sets: Failed to find block name 'Soil_Gravel_Sand'
[2026/01/17 19:28:50   WARN]               [BlockSetModule|P] Creating block sets: Failed to find block name 'Soil_Dirt'
[2026/01/17 19:28:50   WARN]               [BlockSetModule|P] Creating block sets: Failed to find block name 'Soil_Clay'
[2026/01/17 19:28:50   WARN]               [BlockSetModule|P] Creating block sets: Failed to find block name 'Rock_Stone'
[2026/01/17 19:28:50   WARN]               [BlockSetModule|P] Creating block sets: Failed to find block name 'Rock_Marble'
[2026/01/17 19:28:50   WARN]               [BlockSetModule|P] Creating block sets: Failed to find block name 'Rock_Chalk'
[2026/01/17 19:28:50   WARN]      [AssetStore|ParticleSystem] Unused key(s) in 'Potion_Health_Implosion' file /Server/Particles/Status_Effect/Potion_Health/Potion_Health_Implosion.particlesystem: Spawners.0.Scale
[2026/01/17 19:28:50   WARN]      [AssetStore|ParticleSystem] Unused key(s) in 'Potion_Stamina_Burst' file /Server/Particles/Status_Effect/Potion_Stamina/Potion_Stamina_Burst.particlesystem: Spawners.0.Scale
[2026/01/17 19:28:50   WARN]      [AssetStore|ParticleSystem] Unused key(s) in 'Potion_Morph_Burst' file /Server/Particles/Status_Effect/Potion_Morph/Potion_Morph_Burst.particlesystem: Spawners.0.Scale
[2026/01/17 19:28:50   WARN]         [AssetStore|Environment] Asset key 'Env_Temple_of_Gaia' for file '/Server/Environments/Unique/Env_Temple_of_Gaia.json' has incorrect format! Expected: 'Env_Temple_Of_Gaia'
[2026/01/17 19:28:50   WARN]        [AssetStore|EntityEffect] Unused key(s) in 'Food_EffectCondition_Buff_Medium' file /Server/Entity/Effects/Food/Buff/_Deprecated/Food_EffectCondition_Buff_Medium.json: Type, EntityEffectIds, Match, Next, Failed
[2026/01/17 19:28:50   WARN]        [AssetStore|EntityEffect] Unused key(s) in 'Food_EffectCondition_Buff_Small' file /Server/Entity/Effects/Food/Buff/_Deprecated/Food_EffectCondition_Buff_Small.json: Type, EntityEffectIds, Match, Next, Failed
[2026/01/17 19:28:50   WARN]         [AssetStore|Interaction] Unused key(s) in 'Ice_Bolt_Miss' file /Server/Item/Interactions/Weapons/Staff/Ice/Ice_Bolt_Miss.json: Effects.WorldParticles
[2026/01/17 19:28:50   WARN]         [AssetStore|Interaction] Unused key(s) in 'Explode_Generic' file /Server/Item/Interactions/Explosions/Explode_Generic.json: Config.Knockback.VelocityConfig.Direction
[2026/01/17 19:28:50   WARN]         [AssetStore|Interaction] Unused key(s) in 'Weapon_Battleaxe_Primary_Downstrike_Force' file /Server/Item/Interactions/Weapons/Battleaxe/Primary/Downstrike/Weapon_Battleaxe_Primary_Downstrike_Force.json: MouseSensitivityAdjustmentTarget, MouseSensitivityAdjustmentDuration
[2026/01/17 19:28:50   WARN]         [AssetStore|Interaction] Unused key(s) in 'Weapon_Daggers_Primary_Pounce_Stab_Force' file /Server/Item/Interactions/Weapons/Daggers/Primary/Pounce/Stab/Weapon_Daggers_Primary_Pounce_Stab_Force.json: VelocityType
[2026/01/17 19:28:50   WARN]         [AssetStore|Interaction] Unused key(s) in 'Ice_Ball_Miss' file /Server/Item/Interactions/Weapons/Staff/Ice/Ice_Ball_Miss.json: Effects.WorldParticles
[2026/01/17 19:28:50   WARN]         [AssetStore|Interaction] Unused key(s) in '*Weapon_Sword_Signature_Vortexstrike_Spin_Selector_Next': Next
[2026/01/17 19:28:50   WARN]         [AssetStore|Interaction] Unused key(s) in '*Weapon_Daggers_Primary_Pounce_Stab_Selector_Next': Next
[2026/01/17 19:28:50   WARN]               [BlockSetModule|P] Creating block sets: Failed to find block name 'Furniture_Temple_Light_Statue'
[2026/01/17 19:28:50   WARN]               [BlockSetModule|P] Creating block sets: Failed to find block name 'Ingredient_Hay'
[2026/01/17 19:28:50   WARN]               [BlockSetModule|P] Creating block sets: Failed to find block name 'Wood_Softwood_Planks'
[2026/01/17 19:28:50   WARN]               [BlockSetModule|P] Creating block sets: Failed to find block name 'Furniture_Feran_Bed'
[2026/01/17 19:28:50   WARN]               [BlockSetModule|P] Creating block sets: Failed to find block name 'Coop_Chicken'
[2026/01/17 19:28:50   WARN]               [BlockSetModule|P] Creating block sets: Failed to find hitbox name 'Fence'
[2026/01/17 19:28:50   WARN]               [BlockSetModule|P] Creating block sets: Failed to find hitbox name 'Fence_Gate'
[2026/01/17 19:28:50   WARN]               [BlockSetModule|P] Creating block sets: Failed to find hitbox name 'Fence_Gate_Open_In'
[2026/01/17 19:28:50   WARN]               [BlockSetModule|P] Creating block sets: Failed to find hitbox name 'Fence_Gate_Open_Out'
[2026/01/17 19:28:50   WARN]               [BlockSetModule|P] Creating block sets: Failed to find hitbox name 'Fence_Thin'
[2026/01/17 19:28:50   WARN]               [BlockSetModule|P] Creating block sets: Failed to find hitbox name 'Fence_Thick'
[2026/01/17 19:28:50   WARN]               [BlockSetModule|P] Creating block sets: Failed to find hitbox name 'Fence_Corner'
[2026/01/17 19:28:50   WARN]               [BlockSetModule|P] Creating block sets: Failed to find hitbox name 'Fence_Corner_Thin'
[2026/01/17 19:28:50   WARN]               [BlockSetModule|P] Creating block sets: Failed to find hitbox name 'Fence_Corner_Thick'
[2026/01/17 19:28:50   WARN]               [BlockSetModule|P] Creating block sets: Failed to find block name 'Furniture_Crude_Bed'
[2026/01/17 19:28:50   WARN]               [BlockSetModule|P] Creating block sets: Failed to find block name 'Soil_Grass'
[2026/01/17 19:28:50   WARN]               [BlockSetModule|P] Creating block sets: Failed to find block name 'Soil_Dirt'
[2026/01/17 19:28:50   WARN]               [BlockSetModule|P] Creating block sets: Failed to find block name 'Soil_Dirt_Poisoned'
[2026/01/17 19:28:50   WARN]               [BlockSetModule|P] Creating block sets: Failed to find block name 'Soil_Mud'
[2026/01/17 19:28:50   WARN]               [BlockSetModule|P] Creating block sets: Failed to find block name 'Soil_Gravel_Sand'
[2026/01/17 19:28:50   WARN]               [BlockSetModule|P] Creating block sets: Failed to find block name 'Soil_Dirt'
[2026/01/17 19:28:50   WARN]               [BlockSetModule|P] Creating block sets: Failed to find block name 'Soil_Clay'
[2026/01/17 19:28:50   WARN]               [BlockSetModule|P] Creating block sets: Failed to find block name 'Rock_Stone'
[2026/01/17 19:28:50   WARN]               [BlockSetModule|P] Creating block sets: Failed to find block name 'Rock_Marble'
[2026/01/17 19:28:50   WARN]               [BlockSetModule|P] Creating block sets: Failed to find block name 'Rock_Chalk'
[2026/01/17 19:28:50   WARN]         [AssetStore|Interaction] Unused key(s) in '**Projectile_Config_Scarak_Seeker_Spitball_Interactions_ProjectileMiss_Interactions_0': Effects.WorldParticles
[2026/01/17 19:28:50   WARN]         [AssetStore|Interaction] Unused key(s) in '**Projectile_Config_Ice_Ball_Interactions_ProjectileMiss_Interactions_0': Effects.WorldParticles
[2026/01/17 19:28:50   WARN]         [AssetStore|Interaction] Unused key(s) in '**Projectile_Config_Ice_Bolt_Interactions_ProjectileMiss_Interactions_0': Effects.WorldParticles
[2026/01/17 19:28:50   WARN]         [AssetStore|Interaction] Unused key(s) in '**Projectile_Config_Scarak_Seeker_Spitball_Interactions_ProjectileHit_Interactions_0': Entity
[2026/01/17 19:28:50   WARN]          [AssetStore|BiomeAsset] Unused key(s) in 'Example_Mixer_Gradient' file /Server/HytaleGenerator/Biomes/Examples/Example_Mixer_Gradient.json: Terrain.Density.Inputs.0.Inputs.0.Inputs.0.Inputs.0.Inputs.0.Inputs.0.CacheSize, Terrain.Density.Inputs.1.Inputs.0.Inputs.0.Inputs.0.Inputs.0.Inputs.0.CacheSize, Terrain.Density.Inputs.2.Inputs.0.CacheSize
[2026/01/17 19:28:50   WARN]                [HytaleGenerator] Duplicate export name for asset: werstjrtydkm,
[2026/01/17 19:28:50   WARN]          [AssetStore|BiomeAsset] Unused key(s) in 'Something' file /Server/HytaleGenerator/Biomes/Experimental/Something.json: Terrain.Density.Inputs.0.Inputs.0.Inputs.0.Inputs.0.CacheSize, Terrain.Density.Inputs.0.Inputs.0.Inputs.0.Inputs.1.Inputs.0.CacheSize, Terrain.Density.Inputs.0.Inputs.0.Inputs.1.Inputs.0.CacheSize, Terrain.Density.Inputs.0.Inputs.0.Inputs.1.Inputs.1.Inputs.0.Inputs.0.Inputs.0.Inputs.0.Sampled, Terrain.Density.Inputs.0.Inputs.0.Inputs.1.Inputs.3.Inputs.0.Inputs.0.CacheSize, Terrain.Density.Inputs.0.Inputs.1.Inputs.0.CacheSize, Terrain.Density.Inputs.0.Inputs.1.Inputs.1.Inputs.0.Inputs.0.CacheSize
[2026/01/17 19:28:50   WARN]                [HytaleGenerator] Duplicate export name for asset: pattern1
[2026/01/17 19:28:50   WARN]          [AssetStore|BiomeAsset] Unused key(s) in 'Example_Fluid' file /Server/HytaleGenerator/Biomes/Examples/Example_Fluid.json: Terrain.Density.Inputs.0.CacheSize, MaterialProvider.Empty.Queue.0.BaseHeight
[2026/01/17 19:28:50   WARN]          [AssetStore|BiomeAsset] Unused key(s) in 'Example_Prop' file /Server/HytaleGenerator/Biomes/Examples/Example_Prop.json: Terrain.Density.Inputs.0.CacheSize
[2026/01/17 19:28:50   WARN]          [AssetStore|BiomeAsset] Unused key(s) in 'CursebreakerKeyartBiome' file /Server/HytaleGenerator/Biomes/Experimental/CursebreakerKeyartBiome.json: Terrain.Density.Inputs.0.Inputs.0.Inputs.0.Inputs.0.Inputs.0.Inputs.0.CacheSize, Terrain.Density.Inputs.0.Inputs.0.Inputs.0.Inputs.1.Inputs.0.Inputs.0.CacheSize, Terrain.Density.Inputs.0.Inputs.0.Inputs.1.Inputs.0.Inputs.0.Inputs.0.Inputs.0.CacheSize, Terrain.Density.Inputs.0.Inputs.1.Inputs.0.Inputs.0.Inputs.0.CacheSize
[2026/01/17 19:28:50   WARN]                [HytaleGenerator] Duplicate export name for asset: Taiga1_Rewood_Trees_Mask
[2026/01/17 19:28:50   WARN]          [AssetStore|BiomeAsset] Unused key(s) in 'Fake3dNoise' file /Server/HytaleGenerator/Biomes/Examples/Fake3dNoise.json: Terrain.Density.Inputs.1.CacheSize, Terrain.Density.Inputs.2.Inputs.1.Inputs.0.Inputs.0.CacheSize, Terrain.Density.Inputs.2.Inputs.1.Inputs.0.Inputs.1.CacheSize, Terrain.Density.Inputs.2.Inputs.1.Inputs.0.Inputs.2.CacheSize, Terrain.Density.Inputs.2.Inputs.1.Inputs.0.Inputs.3.CacheSize, Terrain.Density.Inputs.2.Inputs.1.Inputs.0.Inputs.4.CacheSize, Terrain.Density.Inputs.2.Inputs.1.Inputs.0.Inputs.5.CacheSize
[2026/01/17 19:28:50   WARN]                [HytaleGenerator] Duplicate export name for asset: werstjrtydkm,
[2026/01/17 19:28:50   WARN]          [AssetStore|BiomeAsset] Unused key(s) in 'Dunes' file /Server/HytaleGenerator/Biomes/Experimental/Dunes.json: Terrain.Density.Inputs.0.Inputs.0.Inputs.0.Inputs.0.Inputs.0.Inputs.1.Inputs.0.Inputs.0.Inputs.0.CacheSize, Terrain.Density.Inputs.0.Inputs.0.Inputs.0.Inputs.0.Inputs.0.Inputs.1.Inputs.0.Inputs.1.Inputs.0.CacheSize, Terrain.Density.Inputs.0.Inputs.0.Inputs.0.Inputs.1.Inputs.0.Inputs.0.Inputs.0.CacheSize, Terrain.Density.Inputs.0.Inputs.0.Inputs.0.Inputs.1.Inputs.0.Inputs.1.Inputs.0.CacheSize, Terrain.Density.Inputs.0.Inputs.0.Inputs.1.Inputs.0.Inputs.0.Inputs.1.Inputs.0.Inputs.0.Inputs.0.CacheSize, Terrain.Density.Inputs.0.Inputs.0.Inputs.1.Inputs.0.Inputs.0.Inputs.1.Inputs.0.Inputs.1.Inputs.0.CacheSize, Terrain.Density.Inputs.0.Inputs.0.Inputs.1.Inputs.1.Inputs.0.Inputs.0.CacheSize, Terrain.Density.Inputs.0.Inputs.0.Inputs.1.Inputs.1.Inputs.1.Inputs.0.CacheSize, Terrain.Density.Inputs.0.Inputs.1.Inputs.0.Inputs.0.Inputs.0.Inputs.0.CacheSize, Terrain.Density.Inputs.0.Inputs.1.Inputs.1.Inputs.0.CacheSize, MaterialProvider.Solid.Queue.0.FieldFunction.CacheSize
[2026/01/17 19:28:50   WARN]          [AssetStore|BiomeAsset] Unused key(s) in 'Example_Multi_Mixer_Horizontal' file /Server/HytaleGenerator/Biomes/Examples/Example_Multi_Mixer_Horizontal.json: Terrain.Density.Inputs.0.Inputs.0.Inputs.0.Inputs.0.CacheSize, Terrain.Density.Inputs.0.Inputs.0.Inputs.0.Inputs.1.CacheSize, Terrain.Density.Inputs.0.Inputs.0.Inputs.0.Inputs.2.CacheSize, Terrain.Density.Inputs.0.Inputs.0.Inputs.0.Inputs.3.CacheSize
[2026/01/17 19:28:50   WARN]          [AssetStore|BiomeAsset] Unused key(s) in 'SingleInstance_Test' file /Server/HytaleGenerator/Biomes/Examples/SingleInstance_Test.json: Terrain.Density.Inputs.0.Inputs.1.SingleInstance
[2026/01/17 19:28:50   INFO]                [HytaleGenerator] Exported Scanner asset with name 'BasicForestTreeScanner' with asset id 'null
[2026/01/17 19:28:50   WARN]          [AssetStore|BiomeAsset] Unused key(s) in 'Example_Multi_Mixer_Curve' file /Server/HytaleGenerator/Biomes/Examples/Example_Multi_Mixer_Curve.json: Terrain.Density.Inputs.0.Inputs.0.Inputs.0.Inputs.0.CacheSize, Terrain.Density.Inputs.0.Inputs.1.Inputs.0.Inputs.0.Inputs.0.Inputs.0.CacheSize, Terrain.Density.Inputs.0.Inputs.1.Inputs.0.Inputs.0.Inputs.0.Inputs.1.CacheSize, Terrain.Density.Inputs.0.Inputs.1.Inputs.0.Inputs.0.Inputs.0.Inputs.2.CacheSize, Terrain.Density.Inputs.0.Inputs.1.Inputs.1.CacheSize, Terrain.Density.Inputs.1.Inputs.0.CacheSize
[2026/01/17 19:28:50   WARN]                [HytaleGenerator] Duplicate export name for asset: River-Boulders-Mask
[2026/01/17 19:28:50   WARN]          [AssetStore|BiomeAsset] Unused key(s) in 'Boreal1_Henges' file /Server/HytaleGenerator/Biomes/Boreal1/Boreal1_Henges.json: Terrain.Density.Inputs.0.Inputs.1.Inputs.0.Inputs.0.Inputs.0.Inputs.1.Inputs.0.Inputs.0.Inputs.0.Positions.Positions.OffsetX, Terrain.Density.Inputs.0.Inputs.1.Inputs.0.Inputs.0.Inputs.0.Inputs.1.Inputs.0.Inputs.0.Inputs.0.Positions.Positions.OffsetY, Terrain.Density.Inputs.0.Inputs.1.Inputs.0.Inputs.0.Inputs.0.Inputs.1.Inputs.0.Inputs.0.Inputs.0.Positions.Positions.OffsetZ, Terrain.Density.Inputs.0.Inputs.1.Inputs.0.Inputs.1.Inputs.0.Inputs.1.Inputs.0.Inputs.0.Inputs.0.Inputs.0.Positions.Positions.OffsetX, Terrain.Density.Inputs.0.Inputs.1.Inputs.0.Inputs.1.Inputs.0.Inputs.1.Inputs.0.Inputs.0.Inputs.0.Inputs.0.Positions.Positions.OffsetY, Terrain.Density.Inputs.0.Inputs.1.Inputs.0.Inputs.1.Inputs.0.Inputs.1.Inputs.0.Inputs.0.Inputs.0.Inputs.0.Positions.Positions.OffsetZ
[2026/01/17 19:28:50   WARN]          [AssetStore|BiomeAsset] Unused key(s) in 'Basic' file /Server/HytaleGenerator/Biomes/Basic.json: Props.0.Assignments.Prop.BoxBlockType
[2026/01/17 19:28:50   WARN]          [AssetStore|BiomeAsset] Unused key(s) in 'Arches' file /Server/HytaleGenerator/Biomes/Experimental/Arches.json: Terrain.Density.Inputs.0.Inputs.0.Inputs.0.Inputs.0.Inputs.0.CacheSize, Terrain.Density.Inputs.0.Inputs.1.Inputs.0.Inputs.0.Inputs.0.CacheSize, Terrain.Density.Inputs.0.Inputs.1.Inputs.0.Inputs.0.Inputs.0.Inputs.0.ReturnType.Density.CacheSize, Terrain.Density.Inputs.0.Inputs.1.Inputs.0.Inputs.1.Inputs.0.CacheSize, Terrain.Density.Inputs.0.Inputs.1.Inputs.0.Inputs.1.Inputs.0.Inputs.0.ReturnType.Density.Inputs.0.Inputs.0.Inputs.0.CacheSize, Terrain.Density.Inputs.0.Inputs.1.Inputs.0.Inputs.2.Inputs.0.CacheSize
[2026/01/17 19:28:50   WARN]                [HytaleGenerator] Duplicate export name for asset: Desert1_Rivers_Cliffs
[2026/01/17 19:28:50   WARN]                [HytaleGenerator] Duplicate export name for asset: River-Boulders-Mask
[2026/01/17 19:28:50   WARN]                [HytaleGenerator] Duplicate export name for asset: River-Boulders-Mask
[2026/01/17 19:28:50   WARN]                [HytaleGenerator] Duplicate export name for asset: River-Boulders-Mask
[2026/01/17 19:28:50   WARN]          [AssetStore|BiomeAsset] Unused key(s) in 'Example_Mixer' file /Server/HytaleGenerator/Biomes/Examples/Example_Mixer.json: Terrain.Density.Inputs.0.CacheSize, Terrain.Density.Inputs.1.Inputs.2.Inputs.0.CacheSize
[2026/01/17 19:28:50   WARN]          [AssetStore|BiomeAsset] Unused key(s) in 'Plains1_Deeproot' file /Server/HytaleGenerator/Biomes/Plains1/Plains1_Deeproot.json: Props.5.Positions.OffsetX, Props.5.Positions.OffsetY, Props.5.Positions.OffsetZ
[2026/01/17 19:28:50 SEVERE]                           [SERR] Reallocate: 131072 to 1179648
[2026/01/17 19:28:50   WARN]                [HytaleGenerator] Duplicate export name for asset: BasicForestTreeScanner
[2026/01/17 19:28:50   INFO]                [HytaleGenerator] Exported Scanner asset with name 'BasicForestTreeScanner' with asset id 'null
[2026/01/17 19:28:50 SEVERE]                           [SERR] Reallocate: 131072 to 1179648
[2026/01/17 19:28:50   WARN]                [HytaleGenerator] Duplicate export name for asset: River-Boulders-Mask
[2026/01/17 19:28:50   WARN]                [HytaleGenerator] Duplicate export name for asset: River-Boulders-Mask
[2026/01/17 19:28:50   WARN]                [HytaleGenerator] Duplicate export name for asset: River-Boulders-Mask
[2026/01/17 19:28:50   WARN]                [HytaleGenerator] Duplicate export name for asset: River-Boulders-Mask
[2026/01/17 19:28:50   WARN]          [AssetStore|BiomeAsset] Unused key(s) in 'Volcanic1_Jungle' file /Server/HytaleGenerator/Biomes/Volcanic1/Volcanic1_Jungle.json: Props.1.Positions.OffsetX, Props.1.Positions.OffsetY, Props.1.Positions.OffsetZ, Props.2.Positions.OffsetX, Props.2.Positions.OffsetY, Props.2.Positions.OffsetZ, Props.3.Positions.OffsetX, Props.3.Positions.OffsetY, Props.3.Positions.OffsetZ
[2026/01/17 19:28:50   WARN]          [AssetStore|BiomeAsset] Unused key(s) in 'Generative_Buildings' file /Server/HytaleGenerator/Biomes/Generative/Generative_Buildings.json: Terrain.Density.Inputs.1.Inputs.0.Inputs.0.Inputs.0.Inputs.0.Inputs.0.Inputs.0.Inputs.0.Inputs.0.Positions.Positions.Positions.OffsetX, Terrain.Density.Inputs.1.Inputs.0.Inputs.0.Inputs.0.Inputs.0.Inputs.0.Inputs.0.Inputs.0.Inputs.0.Positions.Positions.Positions.OffsetY, Terrain.Density.Inputs.1.Inputs.0.Inputs.0.Inputs.0.Inputs.0.Inputs.0.Inputs.0.Inputs.0.Inputs.0.Positions.Positions.Positions.OffsetZ
[2026/01/17 19:28:50   WARN]                [HytaleGenerator] Duplicate export name for asset: Plains1-Gorges-BaseTerrain
[2026/01/17 19:28:50 SEVERE]                           [SERR] Reallocate: 131072 to 1179648
[2026/01/17 19:28:50   WARN]                [HytaleGenerator] Duplicate export name for asset: Peak
[2026/01/17 19:28:50   INFO]                [HytaleGenerator] Exported Scanner asset with name 'Desert1_Rocky_Trees_Dry_Scanner' with asset id 'null
[2026/01/17 19:28:50   INFO]                [HytaleGenerator] Exported Scanner asset with name 'Desert1_Rocky_Trees_Palm_Scanner' with asset id 'null
[2026/01/17 19:28:50   WARN]          [AssetStore|BiomeAsset] Unused key(s) in 'Desert1_Oasis' file /Server/HytaleGenerator/Biomes/Desert1/Desert1_Oasis.json: Props.2.Positions.Positions.OffsetX, Props.2.Positions.Positions.OffsetY, Props.2.Positions.Positions.OffsetZ, Props.3.Positions.Positions.OffsetX, Props.3.Positions.Positions.OffsetY, Props.3.Positions.Positions.OffsetZ, Props.4.Positions.Positions.OffsetX, Props.4.Positions.Positions.OffsetY, Props.4.Positions.Positions.OffsetZ, Props.5.Positions.Positions.OffsetX, Props.5.Positions.Positions.OffsetY, Props.5.Positions.Positions.OffsetZ, Props.6.Positions.Positions.OffsetX, Props.6.Positions.Positions.OffsetY, Props.6.Positions.Positions.OffsetZ
[2026/01/17 19:28:50   WARN]                [AssetStore|Item] Failed to validate asset!
Id: Tool_Hatchet_Crude
Path: /Server/Item/Items/Tool/Hatchet/Tool_Hatchet_Crude.json
Key: Recipe
Results:
	WARNING: Bench Requirement in recipe for 'Fieldcraft' should not have a delay (TimeSeconds) set!

[2026/01/17 19:28:51   WARN]                [AssetStore|Item] Failed to validate asset!
Id: Bench_Builders
Path: /Server/Item/Items/Bench/Bench_Builders.json
Key: Recipe
Results:
	WARNING: Bench Requirement in recipe for 'Fieldcraft' should not have a delay (TimeSeconds) set!

[2026/01/17 19:28:51   WARN]                [AssetStore|Item] Failed to validate asset!
Id: Furniture_Crude_Torch
Path: /Server/Item/Items/Furniture/Crude/Unique/Furniture_Crude_Torch.json
Key: Recipe
Results:
	WARNING: Bench Requirement in recipe for 'Fieldcraft' should not have a delay (TimeSeconds) set!

[2026/01/17 19:28:51   WARN]                [AssetStore|Item] Failed to validate asset!
Id: Bench_Campfire
Path: /Server/Item/Items/Bench/Bench_Campfire.json
Key: Recipe
Results:
	WARNING: Bench Requirement in recipe for 'Fieldcraft' should not have a delay (TimeSeconds) set!

[2026/01/17 19:28:51   WARN]                [AssetStore|Item] Failed to validate asset!
Id: Tool_Pickaxe_Crude
Path: /Server/Item/Items/Tool/Pickaxe/Tool_Pickaxe_Crude.json
Key: Recipe
Results:
	WARNING: Bench Requirement in recipe for 'Fieldcraft' should not have a delay (TimeSeconds) set!

[2026/01/17 19:28:51   WARN]                [AssetStore|Item] Failed to validate asset!
Id: Furniture_Crude_Chest_Small
Path: /Server/Item/Items/Furniture/Crude/Furniture_Crude_Chest_Small.json
Key: Recipe
Results:
	WARNING: Bench Requirement in recipe for 'Fieldcraft' should not have a delay (TimeSeconds) set!

[2026/01/17 19:28:51   WARN]                [AssetStore|Item] Failed to validate asset!
Id: Furniture_Crude_Bed
Path: /Server/Item/Items/Furniture/Crude/Furniture_Crude_Bed.json
Key: Recipe
Results:
	WARNING: Bench Requirement in recipe for 'Fieldcraft' should not have a delay (TimeSeconds) set!

[2026/01/17 19:28:51   WARN]                [AssetStore|Item] Failed to validate asset!
Id: Weapon_Sword_Crude
Path: /Server/Item/Items/Weapon/Sword/Weapon_Sword_Crude.json
Key: Recipe
Results:
	WARNING: Bench Requirement in recipe for 'Fieldcraft' should not have a delay (TimeSeconds) set!

[2026/01/17 19:28:51   WARN]                [AssetStore|Item] Failed to find inherited parent asset Template_Crop_Item (BlockType) for Plant_Crop_Pumpkin_Item
[2026/01/17 19:28:51   WARN]           [AssetStore|BlockType] Unused key(s) in '*Prototype_Geyser_State_Definitions_Off': SoundEventId
[2026/01/17 19:28:51   WARN]           [AssetStore|BlockType] Unused key(s) in '*Prototype_Geyser_State_Definitions_On': SoundEventId
[2026/01/17 19:28:51   WARN]         [AssetStore|Interaction] Unused key(s) in '***Teleporter_State_Definitions_Active_Interactions_Use_Interactions_0': Page.WarpNameWordList
[2026/01/17 19:28:51   WARN]         [AssetStore|Interaction] Unused key(s) in '**Portal_Device_Interactions_Use_Interactions_0': Page.Config.GameplayConfig
[2026/01/17 19:28:51   WARN]         [AssetStore|Interaction] Unused key(s) in '**Teleporter_Interactions_Use_Interactions_0': Page.WarpNameWordList
[2026/01/17 19:28:51   WARN]         [AssetStore|Interaction] Unused key(s) in '**Weapon_Staff_Thorium_InteractionVars_Staff_Cast_Summon_Charged_Interactions_0': Costs
[2026/01/17 19:28:51   WARN]         [AssetStore|Interaction] Unused key(s) in '**Template_Weapon_Crossbow_InteractionVars_Guard_Bash_Interactions_1': Effects, StatModifiers
[2026/01/17 19:28:51   WARN]         [AssetStore|Interaction] Unused key(s) in '**Weapon_Staff_Iron_InteractionVars_Staff_Cast_Summon_Charged_Interactions_0': Costs
[2026/01/17 19:28:51   WARN]         [AssetStore|Interaction] Unused key(s) in '**Weapon_Staff_Bone_InteractionVars_Staff_Cast_Summon_Charged_Interactions_0': Costs
[2026/01/17 19:28:51   WARN]         [AssetStore|Interaction] Unused key(s) in '**Weapon_Staff_Wood_InteractionVars_Staff_Cast_Summon_Charged_Interactions_0': Costs
[2026/01/17 19:28:51   WARN]         [AssetStore|Interaction] Unused key(s) in '**Weapon_Staff_Cane_InteractionVars_Staff_Cast_Summon_Charged_Interactions_0': Costs
[2026/01/17 19:28:51   WARN]         [AssetStore|Interaction] Unused key(s) in '**Weapon_Staff_Copper_InteractionVars_Staff_Cast_Summon_Charged_Interactions_0': Costs
[2026/01/17 19:28:51   WARN]         [AssetStore|Interaction] Unused key(s) in '**Weapon_Staff_Onion_InteractionVars_Staff_Cast_Summon_Charged_Interactions_0': Costs
[2026/01/17 19:28:51   WARN]         [AssetStore|Interaction] Unused key(s) in '**Template_Weapon_Shield_InteractionVars_Guard_Bash_Interactions_1': Effects, StatModifiers
[2026/01/17 19:28:51   WARN]         [AssetStore|Interaction] Unused key(s) in '**Halloween_Broomstick_InteractionVars_Staff_Cast_Summon_Charged_Interactions_0': Costs
[2026/01/17 19:28:51   WARN]         [AssetStore|Interaction] Unused key(s) in '**Weapon_Staff_Cobalt_InteractionVars_Staff_Cast_Summon_Charged_Interactions_0': Costs
[2026/01/17 19:28:51   WARN]         [AssetStore|Interaction] Unused key(s) in '**Weapon_Staff_Doomed_InteractionVars_Staff_Cast_Summon_Charged_Interactions_0': Costs
[2026/01/17 19:28:51   WARN]         [AssetStore|Interaction] Unused key(s) in '**Weapon_Staff_Adamantite_InteractionVars_Staff_Cast_Summon_Charged_Interactions_0': Costs
[2026/01/17 19:28:51   WARN]         [AssetStore|Interaction] Unused key(s) in '**Weapon_Staff_Mithril_InteractionVars_Staff_Cast_Summon_Charged_Interactions_0': Costs
[2026/01/17 19:28:51   WARN]         [AssetStore|Interaction] Unused key(s) in '**Weapon_Staff_Bo_Bamboo_InteractionVars_Staff_Cast_Summon_Charged_Interactions_0': Costs
[2026/01/17 19:28:51   WARN]         [AssetStore|Interaction] Unused key(s) in '**Weapon_Staff_Wood_Kweebec_InteractionVars_Staff_Cast_Summon_Charged_Interactions_0': Costs
[2026/01/17 19:28:51   WARN]         [AssetStore|Interaction] Unused key(s) in '**Weapon_Staff_Wood_Rotten_InteractionVars_Staff_Cast_Summon_Charged_Interactions_0': Costs
[2026/01/17 19:28:51   WARN]         [AssetStore|Interaction] Unused key(s) in '**Weapon_Staff_Frost_InteractionVars_Staff_Cast_Summon_Charged_Interactions_0': Costs
[2026/01/17 19:28:51   WARN]         [AssetStore|Interaction] Unused key(s) in '**Template_Weapon_Shortbow_InteractionVars_Guard_Bash_Interactions_1': Effects, StatModifiers
[2026/01/17 19:28:51   WARN]         [AssetStore|Interaction] Unused key(s) in '**Weapon_Staff_Crystal_Purple_InteractionVars_Staff_Cast_Summon_Charged_Interactions_0': Costs
[2026/01/17 19:28:51   WARN]         [AssetStore|Interaction] Unused key(s) in '**Weapon_Staff_Wizard_InteractionVars_Staff_Cast_Summon_Charged_Interactions_0': Costs
[2026/01/17 19:28:51   WARN]         [AssetStore|Interaction] Unused key(s) in '**Weapon_Staff_Crystal_Fire_Trork_InteractionVars_Staff_Cast_Summon_Charged_Interactions_0': Costs
[2026/01/17 19:28:51   WARN]         [AssetStore|Interaction] Unused key(s) in '**Weapon_Staff_Crystal_Red_InteractionVars_Staff_Cast_Summon_Charged_Interactions_0': Costs
[2026/01/17 19:28:51   WARN]         [AssetStore|Interaction] Unused key(s) in '**Weapon_Staff_Bronze_InteractionVars_Staff_Cast_Summon_Charged_Interactions_0': Costs
[2026/01/17 19:28:51   WARN]         [AssetStore|Interaction] Unused key(s) in '**Weapon_Staff_Onyxium_InteractionVars_Staff_Cast_Summon_Charged_Interactions_0': Costs
[2026/01/17 19:28:51   WARN]         [AssetStore|Interaction] Unused key(s) in '**Weapon_Staff_Crystal_Flame_InteractionVars_Fireball_Impact_2_Interactions_0': EntityStatsOnHit
[2026/01/17 19:28:51   WARN]         [AssetStore|Interaction] Unused key(s) in '**Weapon_Staff_Bo_Wood_InteractionVars_Staff_Cast_Summon_Charged_Interactions_0': Costs
[2026/01/17 19:28:51   WARN]         [AssetStore|Interaction] Unused key(s) in '**Weapon_Shield_Copper_InteractionVars_Guard_Bash_Interactions_0': Effects, StatModifiers
[2026/01/17 19:28:51   WARN]         [AssetStore|Interaction] Unused key(s) in '**Weapon_Staff_Crystal_Flame_InteractionVars_Fireball_Impact_3_Interactions_0': EntityStatsOnHit
[2026/01/17 19:28:51   WARN]         [AssetStore|Interaction] Unused key(s) in '***Plant_Crop_Mushroom_Glowing_Red_Interactions_Secondary_Interactions_0_Next': Effects
[2026/01/17 19:28:51   WARN]         [AssetStore|Interaction] Unused key(s) in '***Plant_Crop_Mushroom_Glowing_Orange_Interactions_Secondary_Interactions_0_Next': Effects
[2026/01/17 19:28:51   WARN]         [AssetStore|Interaction] Unused key(s) in '***Plant_Crop_Mushroom_Glowing_Green_Interactions_Secondary_Interactions_0_Next': Effects
[2026/01/17 19:28:51   WARN]         [AssetStore|Interaction] Unused key(s) in '***Plant_Crop_Mushroom_Glowing_Violet_Interactions_Secondary_Interactions_0_Next': Effects
[2026/01/17 19:28:51   WARN]         [AssetStore|Interaction] Unused key(s) in '***Plant_Seaweed_Grass_Stack_Interactions_Secondary_Interactions_0_Next': Effects
[2026/01/17 19:28:51   WARN]         [AssetStore|Interaction] Unused key(s) in '***Plant_Crop_Mushroom_Glowing_Blue_Interactions_Secondary_Interactions_0_Next': Effects
[2026/01/17 19:28:51   WARN]         [AssetStore|Interaction] Unused key(s) in '***Plant_Crop_Mushroom_Glowing_Purple_Interactions_Secondary_Interactions_0_Next': Effects
[2026/01/17 19:28:51   WARN]      [AssetStore|GameplayConfig] Unused key(s) in 'Default' file /Server/GameplayConfigs/Default.json: Ping
[2026/01/17 19:28:51   WARN]      [AssetStore|GameplayConfig] Unused key(s) in 'Default_Instance' file /Server/GameplayConfigs/Default_Instance.json: Death.LoseItems
[2026/01/17 19:28:51   INFO]            [AssetRegistryLoader] Took 2sec 422ms 552us 600ns to load all assets
[2026/01/17 19:28:51   INFO]                         [Hytale] Loading assets from: C:\Dev\HytaleMods\Hytale-Example-Project-plugin\src\main\resources\Server
[2026/01/17 19:28:51   INFO]            [AssetRegistryLoader] Loading assets from C:\Dev\HytaleMods\Hytale-Example-Project-plugin\src\main\resources\Server
[2026/01/17 19:28:51   INFO]            [AssetRegistryLoader] Took 24ms 722us 600ns to load all assets
[2026/01/17 19:28:51   INFO]                         [Hytale] Loading NPC assets phase...
[2026/01/17 19:28:51   INFO]                          [NPC|P] Starting to load NPC builders!
[2026/01/17 19:28:52   WARN]                          [NPC|P] Replacing asset 'Test_Patrol_Path' of file '/Server/NPC/Roles/_Core/Tests_Development/Test_Patrol_Path.json' with other file '/Server/NPC/Roles/_Core/Tests/Paths/Test_Patrol_Path.json'
[2026/01/17 19:28:53   INFO]                          [NPC|P] Validating loaded NPC configurations...
[2026/01/17 19:28:53   WARN]                          [NPC|P] Animation Wave does not exist for model Temple_Mithril_Guard!
[2026/01/17 19:28:53   WARN]                          [NPC|P] Animation Eat does not exist for model Hatworm!
[2026/01/17 19:28:53   WARN]                          [NPC|P] Animation Curious does not exist for model Hatworm!
[2026/01/17 19:28:53   WARN]                          [NPC|P] Animation GreetAnimation does not exist for model Hatworm!
[2026/01/17 19:28:53   WARN]                          [NPC|P] Animation Sleep does not exist for model Wraith_Lantern!
[2026/01/17 19:28:53   WARN]                          [NPC|P] Animation Alerted does not exist for model Wraith_Lantern!
[2026/01/17 19:28:53   WARN]                          [NPC|P] Animation Laydown does not exist for model Wraith_Lantern!
[2026/01/17 19:28:53   WARN]                          [NPC|P] Animation Wake does not exist for model Wraith_Lantern!
[2026/01/17 19:28:53   WARN]                          [NPC|P] Animation Eat does not exist for model Spark_Living!
[2026/01/17 19:28:53   WARN]                          [NPC|P] Animation Curious does not exist for model Spark_Living!
[2026/01/17 19:28:53   WARN]                          [NPC|P] Animation GreetAnimation does not exist for model Spark_Living!
[2026/01/17 19:28:53   WARN]                          [NPC|P] Animation Eat does not exist for model Trillodon!
[2026/01/17 19:28:53   WARN]                          [NPC|P] Animation Curious does not exist for model Trillodon!
[2026/01/17 19:28:53   WARN]                          [NPC|P] Animation GreetAnimation does not exist for model Trillodon!
[2026/01/17 19:28:53   WARN]                          [NPC|P] Animation Wave does not exist for model Frog_Orange!
[2026/01/17 19:28:53   WARN]                          [NPC|P] Animation GreetAnimation does not exist for model Tortoise!
[2026/01/17 19:28:53   WARN]                          [NPC|P] Animation Rally does not exist for model Outlander_Sorcerer!
[2026/01/17 19:28:53   WARN]                          [NPC|P] Animation Sleep does not exist for model Slug_Magma!
[2026/01/17 19:28:53   WARN]                          [NPC|P] Animation Alerted does not exist for model Slug_Magma!
[2026/01/17 19:28:53   WARN]                          [NPC|P] Animation Laydown does not exist for model Slug_Magma!
[2026/01/17 19:28:53   WARN]                          [NPC|P] Animation Wake does not exist for model Slug_Magma!
[2026/01/17 19:28:53   WARN]                          [NPC|P] Animation Leap does not exist for model Goblin_Duke!
[2026/01/17 19:28:53   WARN]                          [NPC|P] Animation Alerted does not exist for model Scarak_Broodmother!
[2026/01/17 19:28:53   WARN]                          [NPC|P] Animation Leap does not exist for model Goblin_Duke!
[2026/01/17 19:28:53   WARN]                          [NPC|P] Animation Leap does not exist for model Goblin_Duke_Large!
[2026/01/17 19:28:53   WARN]                          [NPC|P] Animation Alerted does not exist for model Kweebec_Rootling!
[2026/01/17 19:28:53   WARN]                          [NPC|P] Animation Rally does not exist for model Outlander_Priest!
[2026/01/17 19:28:53   WARN]                          [NPC|P] Animation Alerted does not exist for model Scarak_Broodmother!
[2026/01/17 19:28:53   WARN]                          [NPC|P] Animation Wave does not exist for model Frog_Blue!
[2026/01/17 19:28:53   WARN]                          [NPC|P] Animation Eat does not exist for model Lizard_Sand!
[2026/01/17 19:28:53   WARN]                          [NPC|P] Animation Curious does not exist for model Lizard_Sand!
[2026/01/17 19:28:53   WARN]                          [NPC|P] Animation GreetAnimation does not exist for model Lizard_Sand!
[2026/01/17 19:28:53   WARN]                          [NPC|P] Animation Alerted does not exist for model Scarak_Broodmother!
[2026/01/17 19:28:53   WARN]                          [NPC|P] Animation Sleep does not exist for model Tuluk_Fisherman!
[2026/01/17 19:28:53   WARN]                          [NPC|P] Animation Alerted does not exist for model Tuluk_Fisherman!
[2026/01/17 19:28:53   WARN]                          [NPC|P] Animation Laydown does not exist for model Tuluk_Fisherman!
[2026/01/17 19:28:53   WARN]                          [NPC|P] Animation Wake does not exist for model Tuluk_Fisherman!
[2026/01/17 19:28:53   INFO]                          [NPC|P] Validation complete.
[2026/01/17 19:28:53   INFO]                          [NPC|P] Loaded 895 NPC configurations, Test: 243, Component: 143, Abstract: 50, Variant: 417, Generic: 44
[2026/01/17 19:28:53   INFO]                          [NPC|P] Starting to load NPC builders!
[2026/01/17 19:28:53   INFO]                          [NPC|P] Validating loaded NPC configurations...
[2026/01/17 19:28:53   WARN]                          [NPC|P] Animation Wave does not exist for model Temple_Mithril_Guard!
[2026/01/17 19:28:53   WARN]                          [NPC|P] Animation Eat does not exist for model Hatworm!
[2026/01/17 19:28:53   WARN]                          [NPC|P] Animation Curious does not exist for model Hatworm!
[2026/01/17 19:28:53   WARN]                          [NPC|P] Animation GreetAnimation does not exist for model Hatworm!
[2026/01/17 19:28:53   WARN]                          [NPC|P] Animation Sleep does not exist for model Wraith_Lantern!
[2026/01/17 19:28:53   WARN]                          [NPC|P] Animation Alerted does not exist for model Wraith_Lantern!
[2026/01/17 19:28:53   WARN]                          [NPC|P] Animation Laydown does not exist for model Wraith_Lantern!
[2026/01/17 19:28:53   WARN]                          [NPC|P] Animation Wake does not exist for model Wraith_Lantern!
[2026/01/17 19:28:53   WARN]                          [NPC|P] Animation Eat does not exist for model Spark_Living!
[2026/01/17 19:28:53   WARN]                          [NPC|P] Animation Curious does not exist for model Spark_Living!
[2026/01/17 19:28:53   WARN]                          [NPC|P] Animation GreetAnimation does not exist for model Spark_Living!
[2026/01/17 19:28:53   WARN]                          [NPC|P] Animation Eat does not exist for model Trillodon!
[2026/01/17 19:28:53   WARN]                          [NPC|P] Animation Curious does not exist for model Trillodon!
[2026/01/17 19:28:53   WARN]                          [NPC|P] Animation GreetAnimation does not exist for model Trillodon!
[2026/01/17 19:28:53   WARN]                          [NPC|P] Animation Wave does not exist for model Frog_Orange!
[2026/01/17 19:28:53   WARN]                          [NPC|P] Animation GreetAnimation does not exist for model Tortoise!
[2026/01/17 19:28:53   WARN]                          [NPC|P] Animation Rally does not exist for model Outlander_Sorcerer!
[2026/01/17 19:28:53   WARN]                          [NPC|P] Animation Sleep does not exist for model Slug_Magma!
[2026/01/17 19:28:53   WARN]                          [NPC|P] Animation Alerted does not exist for model Slug_Magma!
[2026/01/17 19:28:53   WARN]                          [NPC|P] Animation Laydown does not exist for model Slug_Magma!
[2026/01/17 19:28:53   WARN]                          [NPC|P] Animation Wake does not exist for model Slug_Magma!
[2026/01/17 19:28:53   WARN]                          [NPC|P] Animation Leap does not exist for model Goblin_Duke!
[2026/01/17 19:28:53   WARN]                          [NPC|P] Animation Alerted does not exist for model Scarak_Broodmother!
[2026/01/17 19:28:53   WARN]                          [NPC|P] Animation Leap does not exist for model Goblin_Duke!
[2026/01/17 19:28:53   WARN]                          [NPC|P] Animation Leap does not exist for model Goblin_Duke_Large!
[2026/01/17 19:28:53   WARN]                          [NPC|P] Animation Alerted does not exist for model Kweebec_Rootling!
[2026/01/17 19:28:53   WARN]                          [NPC|P] Animation Rally does not exist for model Outlander_Priest!
[2026/01/17 19:28:53   WARN]                          [NPC|P] Animation Alerted does not exist for model Scarak_Broodmother!
[2026/01/17 19:28:53   WARN]                          [NPC|P] Animation Wave does not exist for model Frog_Blue!
[2026/01/17 19:28:53   WARN]                          [NPC|P] Animation Eat does not exist for model Lizard_Sand!
[2026/01/17 19:28:53   WARN]                          [NPC|P] Animation Curious does not exist for model Lizard_Sand!
[2026/01/17 19:28:53   WARN]                          [NPC|P] Animation GreetAnimation does not exist for model Lizard_Sand!
[2026/01/17 19:28:53   WARN]                          [NPC|P] Animation Alerted does not exist for model Scarak_Broodmother!
[2026/01/17 19:28:53   WARN]                          [NPC|P] Animation Sleep does not exist for model Tuluk_Fisherman!
[2026/01/17 19:28:53   WARN]                          [NPC|P] Animation Alerted does not exist for model Tuluk_Fisherman!
[2026/01/17 19:28:53   WARN]                          [NPC|P] Animation Laydown does not exist for model Tuluk_Fisherman!
[2026/01/17 19:28:53   WARN]                          [NPC|P] Animation Wake does not exist for model Tuluk_Fisherman!
[2026/01/17 19:28:53   INFO]                          [NPC|P] Validation complete.
[2026/01/17 19:28:53   INFO]                          [NPC|P] Loaded 895 NPC configurations
[2026/01/17 19:28:53   INFO]                         [Hytale] Loading NPC assets phase completed! Boot time 10sec 245ms 980us 100ns, Took 1sec 655ms 367us 500ns
[2026/01/17 19:28:53   INFO]                         [Hytale] Validating Spawn assets phase...
[2026/01/17 19:28:53   INFO]                         [Hytale] Spawn assets validation phase completed! Boot time 10sec 249ms 187us, Took 2ms 530us 800ns
[2026/01/17 19:28:53   INFO]                   [I18nModule|P] Loaded 7639 entries for 'en-US' from /Server/Languages
[2026/01/17 19:28:53   INFO]                   [I18nModule|P] Loaded 51 entries from /Server/Languages/fallback.lang
[2026/01/17 19:28:53   INFO]                   [HytaleServer] Starting plugin manager...
[2026/01/17 19:28:53   INFO]                  [PluginManager] Enabled plugin Hytale:WorldLocationCondition
[2026/01/17 19:28:53   INFO]                  [PluginManager] Enabled plugin Hytale:ServerManager
[2026/01/17 19:28:53   WARN]                          [TAB|P] Asset pack TAB:TAB already exists, skipping embedded pack
[2026/01/17 19:28:53   INFO]                  [PluginManager] Enabled plugin TAB:TAB
[2026/01/17 19:28:53   INFO]                  [PluginManager] Enabled plugin Hytale:SprintForce
[2026/01/17 19:28:53   INFO]                  [PluginManager] Enabled plugin Hytale:MigrationModule
[2026/01/17 19:28:53   INFO]                  [PluginManager] Enabled plugin Hytale:AssetModule
[2026/01/17 19:28:53   INFO]                  [PluginManager] Enabled plugin Hytale:ConsoleModule
[2026/01/17 19:28:53   INFO]                  [PluginManager] Enabled plugin Hytale:TimeModule
[2026/01/17 19:28:53   INFO]                  [PluginManager] Enabled plugin Hytale:CollisionModule
[2026/01/17 19:28:53   INFO]                  [PluginManager] Enabled plugin Hytale:DebugPlugin
[2026/01/17 19:28:53   INFO]                  [PluginManager] Enabled plugin Hytale:SplitVelocity
[2026/01/17 19:28:53   INFO]                  [PluginManager] Enabled plugin Hytale:Model
[2026/01/17 19:28:53   INFO]                  [PluginManager] Enabled plugin Hytale:CrouchSlide
[2026/01/17 19:28:53   INFO]                [ServerManager|P] Listening on /[0:0:0:0:0:0:0:0]:5520 and took 5ms 623us 300ns
[2026/01/17 19:28:53   INFO]                [ServerManager|P] Listening on /0.0.0.0:5520 and took 9ms 120us 500ns
[2026/01/17 19:28:53   INFO]                  [PluginManager] Enabled plugin Hytale:Universe
[2026/01/17 19:28:53   INFO]                  [PluginManager] Enabled plugin Hytale:TagSet
[2026/01/17 19:28:53   INFO]                [ServerManager|P] Listening on /[0:0:0:0:0:0:0:1]:5520 and took 1ms 708us 300ns
[2026/01/17 19:28:53   INFO]                  [PluginManager] Enabled plugin Hytale:AccessControlModule
[2026/01/17 19:28:53   INFO]                  [PluginManager] Enabled plugin Hytale:CommandMacro
[2026/01/17 19:28:53   INFO]                  [PluginManager] Enabled plugin Hytale:SafetyRoll
[2026/01/17 19:28:53   INFO]                  [PluginManager] Enabled plugin Hytale:HytaleGenerator
[2026/01/17 19:28:53   INFO]                  [PluginManager] Enabled plugin Hytale:ItemModule
[2026/01/17 19:28:53   INFO]                  [PluginManager] Enabled plugin Hytale:CommonAssetModule
[2026/01/17 19:28:53   INFO]                  [PluginManager] Enabled plugin Hytale:CosmeticsModule
[2026/01/17 19:28:53   INFO]                  [PluginManager] Enabled plugin Hytale:I18nModule
[2026/01/17 19:28:53   INFO]                  [PluginManager] Enabled plugin Hytale:LegacyModule
[2026/01/17 19:28:53   INFO]                  [PluginManager] Enabled plugin Hytale:LANDiscovery
[2026/01/17 19:28:53   INFO]                  [PluginManager] Enabled plugin Hytale:Mantling
[2026/01/17 19:28:53   INFO]                  [PluginManager] Enabled plugin Hytale:PermissionsModule
[2026/01/17 19:28:53   INFO]                  [PluginManager] Enabled plugin Hytale:Deployables
[2026/01/17 19:28:53   INFO]                  [PluginManager] Enabled plugin Hytale:BlockSetModule
[2026/01/17 19:28:53   INFO]                  [PluginManager] Enabled plugin Hytale:FlyCameraModule
[2026/01/17 19:28:53   INFO]                  [PluginManager] Enabled plugin Hytale:EntityModule
[2026/01/17 19:28:53   INFO]                  [PluginManager] Enabled plugin Hytale:BlockTick
[2026/01/17 19:28:53   INFO]                  [PluginManager] Enabled plugin Hytale:BlockHealthModule
[2026/01/17 19:28:53   INFO]                  [PluginManager] Enabled plugin Hytale:InteractionModule
[2026/01/17 19:28:53   INFO]                  [PluginManager] Enabled plugin Hytale:ServerPlayerListModule
[2026/01/17 19:28:53   INFO]                  [PluginManager] Enabled plugin Hytale:ConnectedBlocksModule
[2026/01/17 19:28:53   INFO]                  [PluginManager] Enabled plugin Hytale:BlockTypeModule
[2026/01/17 19:28:53   INFO]                  [PluginManager] Enabled plugin Hytale:BlockModule
[2026/01/17 19:28:53   INFO]                  [PluginManager] Enabled plugin Hytale:Weather
[2026/01/17 19:28:53   INFO]                  [World|default] Loading world 'default' with generator type: 'HytaleWorldGenProvider{name='Default', path='null'}' and chunk storage: 'DefaultChunkStorageProvider{DEFAULT=IndexedStorageChunkStorageProvider{}}'...
[2026/01/17 19:28:53   INFO]                  [PluginManager] Enabled plugin Hytale:Reputation
[2026/01/17 19:28:53   INFO]                  [PluginManager] Enabled plugin Hytale:Parkour
[2026/01/17 19:28:53   INFO]                  [PluginManager] Enabled plugin Hytale:ProjectileModule
[2026/01/17 19:28:53   INFO]                  [PluginManager] Enabled plugin Hytale:Teleport
[2026/01/17 19:28:53   INFO]                  [PluginManager] Enabled plugin Hytale:WorldGen
[2026/01/17 19:28:53   INFO]                  [PluginManager] Enabled plugin Hytale:BlockStateModule
[2026/01/17 19:28:53   INFO]                  [PluginManager] Enabled plugin Hytale:AssetEditor
[2026/01/17 19:28:53   INFO]                  [PluginManager] Enabled plugin Hytale:Ambience
[2026/01/17 19:28:53   INFO]                  [PluginManager] Enabled plugin Hytale:Teleporter
[2026/01/17 19:28:53   INFO]                  [PluginManager] Enabled plugin Hytale:BlockPhysics
[2026/01/17 19:28:53   INFO]                  [PluginManager] Enabled plugin Hytale:BuilderTools
[2026/01/17 19:28:53   INFO]                  [PluginManager] Enabled plugin Hytale:Farming
[2026/01/17 19:28:53   INFO]                  [PluginManager] Enabled plugin Hytale:Fluid
[2026/01/17 19:28:53   INFO]                [BarterShopState] No saved barter shop state found, starting fresh
[2026/01/17 19:28:53   INFO]                         [Shop|P] Barter shop state initialized
[2026/01/17 19:28:53   INFO]                  [PluginManager] Enabled plugin Hytale:Shop
[2026/01/17 19:28:53   INFO]                  [PluginManager] Enabled plugin Hytale:Crafting
[2026/01/17 19:28:53   INFO]                  [PluginManager] Enabled plugin Hytale:SingleplayerModule
[2026/01/17 19:28:53   INFO]                  [PluginManager] Enabled plugin Hytale:ShopReputation
[2026/01/17 19:28:53   INFO]                  [PluginManager] Enabled plugin Hytale:EntityStatsModule
[2026/01/17 19:28:53   INFO]                  [PluginManager] Enabled plugin Hytale:BlockSpawner
[2026/01/17 19:28:53   INFO]                  [PluginManager] Enabled plugin Hytale:PrefabSpawnerModule
[2026/01/17 19:28:53   INFO]                  [PluginManager] Enabled plugin Hytale:Instances
[2026/01/17 19:28:53   INFO]                  [PluginManager] Enabled plugin Hytale:Objectives
[2026/01/17 19:28:53   INFO]                  [World|default] Added world 'default' - Seed: 1768666607086, GameTime: 0001-01-01T05:30:00Z
[2026/01/17 19:28:53   INFO]                  [PluginManager] Enabled plugin Hytale:Path
[2026/01/17 19:28:53   INFO]                  [PluginManager] Enabled plugin Hytale:EntityUIModule
[2026/01/17 19:28:53   INFO]                  [PluginManager] Enabled plugin Hytale:Stash
[2026/01/17 19:28:53   INFO]                  [PluginManager] Enabled plugin Hytale:StaminaModule
[2026/01/17 19:28:53   INFO]                  [PluginManager] Enabled plugin Hytale:ObjectiveShop
[2026/01/17 19:28:53   INFO]                  [PluginManager] Enabled plugin Hytale:ObjectiveReputation
[2026/01/17 19:28:53   INFO]                  [PluginManager] Enabled plugin Hytale:CreativeHub
[2026/01/17 19:28:53   INFO]                  [PluginManager] Enabled plugin Hytale:DamageModule
[2026/01/17 19:28:53   INFO]                  [PluginManager] Enabled plugin Hytale:Camera
[2026/01/17 19:28:53   INFO]                  [PluginManager] Enabled plugin Hytale:NPC
[2026/01/17 19:28:53   INFO]                  [PluginManager] Enabled plugin Hytale:Mounts
[2026/01/17 19:28:53   INFO]                  [PluginManager] Enabled plugin Hytale:Flock
[2026/01/17 19:28:53   INFO]                  [PluginManager] Enabled plugin Hytale:NPCEditor
[2026/01/17 19:28:53   INFO]                  [PluginManager] Enabled plugin Hytale:Memories
[2026/01/17 19:28:53   INFO]                  [PluginManager] Enabled plugin Hytale:NPCShop
[2026/01/17 19:28:53   INFO]                  [PluginManager] Enabled plugin Hytale:Beds
[2026/01/17 19:28:53   INFO]                  [PluginManager] Enabled plugin Hytale:Portals
[2026/01/17 19:28:53   INFO]                  [PluginManager] Enabled plugin Hytale:NPCCombatActionEvaluator
[2026/01/17 19:28:53   INFO]                  [PluginManager] Enabled plugin Hytale:NPCReputation
[2026/01/17 19:28:53   INFO]                     [Spawning|P] Successfully set up 96 world spawn configurations
[2026/01/17 19:28:53   INFO]                     [Spawning|P] Successfully set up 75 beacon spawn configurations
[2026/01/17 19:28:53   INFO]                  [PluginManager] Enabled plugin Hytale:Spawning
[2026/01/17 19:28:53   INFO]                  [PluginManager] Enabled plugin Hytale:NPCObjectives
[2026/01/17 19:28:53   INFO]                   [HytaleServer] Plugin manager started! Startup time so far: 10sec 364ms 489us 900ns
[2026/01/17 19:28:53   INFO]                   [HytaleServer] Getting Hytale Universe ready...
[2026/01/17 19:28:54   INFO]                 [WorldGenerator] Set prefab-store to: ASSETS
[2026/01/17 19:28:54   INFO]                 [WorldGenerator] Initialized ChunkGenerator-0 executor
[2026/01/17 19:28:54   INFO]                 [WorldGenerator] Found location for unique zone 'Zone1_Spawn' -> Position: {-360, 173}, Score: 86.21%, Time: 1ms
[2026/01/17 19:28:54   INFO]                 [WorldGenerator] Found location for unique zone 'Zone1_Temple' -> Position: {-558, 325}, Score: 92.74%, Time: 0ms
[2026/01/17 19:28:54   INFO]                [World|default|M] Initializing world map generator: com.hypixel.hytale.server.worldgen.map.GeneratorChunkWorldMap@364174c7
[2026/01/17 19:28:54   INFO]                [World|default|M] Generating Points of Interest...
[2026/01/17 19:28:54   INFO]                [World|default|M] Finished Generating Points of Interest!
[2026/01/17 19:28:55   INFO]                     [Teleport|P] Loaded 0 warps (No warps.json found)
[2026/01/17 19:28:55   INFO]                   [HytaleServer] Universe ready!
[2026/01/17 19:28:55   INFO]                  [AssetModule|P] Total Loaded Assets: Interaction: 7125, RootInteraction: 5339, BlockType: 3947, Item: 3011, CraftingRecipe: 1612, ParticleSpawner: 1584, SoundEvent: 1156, ItemDropList: 741, ParticleSystem: 535, ModelAsset: 433, SpawnMarker: 243, BlockBoundingBoxes: 234, Condition: 228, ItemPlayerAnimations: 183, EntityEffect: 175, AmbienceFX: 167, TagPattern: 126, ResourceType: 124, Environment: 114, ProjectileConfig: 111, AssignmentsAsset: 111, WorldNPCSpawn: 96, AudioCategory: 93, CombatActionOption: 87, Projectile: 86, Weather: 86, PrefabListAsset: 77, BeaconNPCSpawn: 75, NPCGroup: 71, BiomeAsset: 67, Trail: 59, FlockAsset: 58, BlockSet: 55, BlockSoundSet: 53, CameraShake: 49, CameraEffect: 49, BalanceAsset: 48, BlockSpawnerTable: 46, BlockGroup: 43, ScriptedBrushAsset: 37, ItemSoundSet: 36, ModelVFX: 33, BlockParticleSet: 30, AttitudeGroup: 27, ReverbEffect: 22, DamageCause: 15, Fluid: 15, EntityStatType: 13, ItemQuality: 12, ResponseCurve: 12, ObjectiveAsset: 12, BlockTypeListAsset: 12, WorldStructureAsset: 12, ViewBobbing: 12, CustomConnectedBlockTemplateAsset: 11, BlockMigration: 10, DensityAsset: 9, MacroCommandBuilder: 8, ItemToolSpec: 7, GameplayConfig: 5, PortalType: 5, FluidFX: 5, ItemCategory: 4, BlockBreakingDecal: 4, ObjectiveLocationMarkerAsset: 4, GrowthModifierAsset: 4, MovementConfig: 3, ItemReticleConfig: 3, EqualizerEffect: 3, UnarmedInteractions: 3, SpawnSuppression: 3, RepulsionConfig: 2, HitboxCollisionConfig: 2, EntityUIComponent: 2, ObjectiveLineAsset: 2, SoundSet: 2, GameModeType: 2, BarterShopAsset: 2, WordList: 1, SettingsAsset: 1, FarmingCoopAsset: 1, PrefabEditorCreationSettings: 1, ReachLocationMarkerAsset: 1, ItemAttitudeGroup: 1, BuilderToolItemReferenceAsset: 1, FieldcraftCategory: 1, ReputationGroup: 0, ReputationRank: 0, DeployableSpawner: 0, ShopAsset: 0, BlockMaskAsset: 0
[2026/01/17 19:28:55   INFO]                   [HytaleServer] ===============================================================================================
[2026/01/17 19:28:55   INFO]                   [HytaleServer]          Hytale Server Booted! [Multiplayer] took 11sec 616ms 66us 700ns
[2026/01/17 19:28:55   INFO]                   [HytaleServer] ===============================================================================================
[2026/01/17 19:29:14   INFO]                  [QUICTransport] Received connection from QuicConnectionAddress{connId=} (/127.0.0.1:50337) to QuicConnectionAddress{connId=56b8c77910e3959eba2880834ec8d83fee560bcb} (/0.0.0.0:5520)
[2026/01/17 19:29:14   INFO]                         [Hytale] Received stream QuicConnectionAddress{connId=56b8c77910e3959eba2880834ec8d83fee560bcb} (/127.0.0.1:50337, streamId=0) to QuicConnectionAddress{connId=56b8c77910e3959eba2880834ec8d83fee560bcb} (/0.0.0.0:5520, streamId=0)
[2026/01/17 19:29:14 FINEST]                    [LoginTiming] setTimeout-initial
[2026/01/17 19:29:14   FINE]                    [LoginTiming] Registered took 1ms 201us 200ns
[2026/01/17 19:29:14   FINE]                    [LoginTiming] Connect took 176ms 487us 700ns
[2026/01/17 19:29:14   INFO]                         [Hytale] Starting authenticated flow for MrPizza (b4e8c74c-bbf1-4af8-b881-0d52ebb7af17) from QuicConnectionAddress{connId=56b8c77910e3959eba2880834ec8d83fee560bcb} (/127.0.0.1:50337, streamId=0)
[2026/01/17 19:29:14   INFO]           [SessionServiceClient] Session Service client initialized for: https://sessions.hytale.com
[2026/01/17 19:29:14   INFO]           [SessionServiceClient] Successfully fetched JWKS with 1 keys
[2026/01/17 19:29:14   INFO]                   [JWTValidator] JWKS loaded with 1 keys
[2026/01/17 19:29:15   INFO]                   [JWTValidator] Identity token validated successfully for user null (UUID: b4e8c74c-bbf1-4af8-b881-0d52ebb7af17)
[2026/01/17 19:29:15   INFO]               [HandshakeHandler] Identity token validated for MrPizza (UUID: b4e8c74c-bbf1-4af8-b881-0d52ebb7af17, scope: hytale:client) from QuicConnectionAddress{connId=56b8c77910e3959eba2880834ec8d83fee560bcb} (/127.0.0.1:50337, streamId=0), requesting auth grant
[2026/01/17 19:29:15 FINEST]                    [LoginTiming] setTimeout-auth-grant-timeout took 347ms 554us
[2026/01/17 19:29:15   INFO]           [SessionServiceClient] Requesting authorization grant with identity token, aud='a39b8cc9-226d-4fb2-93c2-dddc2ea1de1d'
[2026/01/17 19:29:15   INFO]           [SessionServiceClient] Successfully obtained authorization grant
[2026/01/17 19:29:15   INFO]               [HandshakeHandler] Sending AuthGrant to QuicConnectionAddress{connId=56b8c77910e3959eba2880834ec8d83fee560bcb} (/127.0.0.1:50337, streamId=0) (with server identity: true)
[2026/01/17 19:29:15 FINEST]                    [LoginTiming] setTimeout-auth-token-timeout took 187ms 419us 500ns
[2026/01/17 19:29:15   INFO]               [HandshakeHandler] Received AuthToken from QuicConnectionAddress{connId=56b8c77910e3959eba2880834ec8d83fee560bcb} (/127.0.0.1:50337, streamId=0), validating JWT (mTLS cert present: true, server auth grant: true)
[2026/01/17 19:29:15   INFO]                [CertificateUtil] Certificate binding validated successfully
[2026/01/17 19:29:15   INFO]                   [JWTValidator] JWT validated successfully for user MrPizza (UUID: b4e8c74c-bbf1-4af8-b881-0d52ebb7af17)
[2026/01/17 19:29:15 FINEST]                    [LoginTiming] setTimeout-server-token-exchange-timeout took 585ms 713us 500ns
[2026/01/17 19:29:15   INFO]           [SessionServiceClient] Exchanging authorization grant for access token
[2026/01/17 19:29:15   INFO]           [SessionServiceClient] Successfully obtained access token
[2026/01/17 19:29:15   INFO]               [HandshakeHandler] Sending ServerAuthToken to QuicConnectionAddress{connId=56b8c77910e3959eba2880834ec8d83fee560bcb} (/127.0.0.1:50337, streamId=0) (with password challenge: false)
[2026/01/17 19:29:15   INFO]               [HandshakeHandler] Mutual authentication complete for MrPizza (b4e8c74c-bbf1-4af8-b881-0d52ebb7af17) from QuicConnectionAddress{connId=56b8c77910e3959eba2880834ec8d83fee560bcb} (/127.0.0.1:50337, streamId=0)
[2026/01/17 19:29:15   FINE]                    [LoginTiming] Authenticated took 179ms 172us
[2026/01/17 19:29:15   INFO]          [PasswordPacketHandler] Connection complete for MrPizza (b4e8c74c-bbf1-4af8-b881-0d52ebb7af17), transitioning to setup
[2026/01/17 19:29:15 FINEST]                    [LoginTiming] setTimeout-send-world-settings took 1ms 228us 300ns
[2026/01/17 19:29:15   FINE]                    [LoginTiming] Load Player Config took 970us 400ns
[2026/01/17 19:29:16 FINEST]                    [LoginTiming] setTimeout-receive-assets-request took 49ms 64us 400ns
[2026/01/17 19:29:16   FINE]                    [LoginTiming] Request Assets took 104ms 979us 200ns
[2026/01/17 19:29:16 FINEST]                    [LoginTiming] setTimeout-send-assets took 1ms 770us 400ns
[2026/01/17 19:29:16   FINE]                    [LoginTiming] Send Common Assets took 388us 300ns
[2026/01/17 19:29:16   WARN]                         [Hytale] Missing interaction Effect
[2026/01/17 19:29:16   FINE]                    [LoginTiming] Send Config Assets took 481ms 325us 100ns
[2026/01/17 19:29:18   FINE]                    [LoginTiming] Player Options took 1sec 496ms 804us 400ns
[2026/01/17 19:29:18   INFO]                     [Universe|P] Adding player 'MrPizza (b4e8c74c-bbf1-4af8-b881-0d52ebb7af17)
[2026/01/17 19:29:18 FINEST]                    [LoginTiming] setTimeout-add-to-universe took 7ms 960us 800ns
[2026/01/17 19:29:18 FINEST]                    [LoginTiming] Load Player Config took 9ms 13us 800ns
[2026/01/17 19:29:18 FINEST]                    [LoginTiming] Processed Referral took 1ms 804us 700ns
[2026/01/17 19:29:18   WARN]                         [Hytale] {Playing(QuicConnectionAddress{connId=56b8c77910e3959eba2880834ec8d83fee560bcb} (/127.0.0.1:50337, streamId=0)), b4e8c74c-bbf1-4af8-b881-0d52ebb7af17, MrPizza} Added future for ClientReady packet?
[2026/01/17 19:29:18   INFO]                  [World|default] Adding player 'MrPizza' to world 'default' at location null (b4e8c74c-bbf1-4af8-b881-0d52ebb7af17)
[2026/01/17 19:29:18   INFO]                         [Hytale] {Playing(QuicConnectionAddress{connId=56b8c77910e3959eba2880834ec8d83fee560bcb} (/127.0.0.1:50337, streamId=0)), b4e8c74c-bbf1-4af8-b881-0d52ebb7af17, MrPizza}: Sent com.hypixel.hytale.protocol.packets.player.JoinWorld@45334a39
[2026/01/17 19:29:18   WARN]                         [Hytale] {Playing(QuicConnectionAddress{connId=56b8c77910e3959eba2880834ec8d83fee560bcb} (/127.0.0.1:50337, streamId=0)), b4e8c74c-bbf1-4af8-b881-0d52ebb7af17, MrPizza}: Received com.hypixel.hytale.protocol.packets.player.ClientReady@9da7
[2026/01/17 19:29:18   INFO]                  [World|default] Player 'MrPizza' joined world 'default' at location Vector3d{x=-375.13360595703125, y=122.0, z=166.35647583007812} (b4e8c74c-bbf1-4af8-b881-0d52ebb7af17)
[2026/01/17 19:29:18 FINEST]                    [LoginTiming] Add to World took 456ms 141us 800ns
[2026/01/17 19:29:18   FINE]                    [LoginTiming] Add To Universe took 90us 400ns
[2026/01/17 19:29:18   WARN]                  [World|default] Task took 36ms 936us 500ns ns: java.util.concurrent.CompletableFuture$UniApply@64241e6e
[2026/01/17 19:29:18   INFO]                [WorldMapTracker] Started Generating Map!
[2026/01/17 19:29:18   WARN]                         [Entity] getPositionComponent called async [CONTEXT ratelimit_period="5 MINUTES" ]
java.lang.Throwable
	at com.hypixel.hytale.server.core.entity.Entity.getTransformComponent(Entity.java:278)
	at com.hypixel.hytale.server.core.universe.world.WorldMapTracker.tick(WorldMapTracker.java:151)
	at com.hypixel.hytale.server.core.universe.world.worldmap.WorldMapManager.tick(WorldMapManager.java:149)
	at com.hypixel.hytale.server.core.util.thread.TickingThread.run(TickingThread.java:89)
	at java.base/java.lang.Thread.run(Thread.java:1583)

[2026/01/17 19:29:18   WARN]                  [World|default] Task took 88ms 964us 700ns ns: java.util.concurrent.CompletableFuture$UniApply@356beeb7
[2026/01/17 19:29:18   WARN]                  [World|default] Task took 52ms 762us 500ns ns: java.util.concurrent.CompletableFuture$AsyncSupply@8cd2c13
[2026/01/17 19:29:19   WARN]                  [World|default] Task took 45ms 448us 600ns ns: java.util.concurrent.CompletableFuture$AsyncSupply@6c287edc
[2026/01/17 19:29:20   WARN]                         [Hytale] {Playing(QuicConnectionAddress{connId=56b8c77910e3959eba2880834ec8d83fee560bcb} (/127.0.0.1:50337, streamId=0)), b4e8c74c-bbf1-4af8-b881-0d52ebb7af17, MrPizza}: Received com.hypixel.hytale.protocol.packets.player.ClientReady@9da1
[2026/01/17 19:29:35   INFO]                 [CommandManager] MrPizza executed command: tab
[2026/01/17 19:29:35   WARN]                  [World|default] Task took 37ms 223us 400ns ns: java.util.concurrent.CompletableFuture$AsyncRun@3970f5e2
[2026/01/17 19:29:37   INFO]                 [CommandManager] MrPizza executed command: tab
[2026/01/17 19:29:39   INFO]                 [CommandManager] MrPizza executed command: tab
[2026/01/17 19:29:53   INFO]                 [CommandManager] MrPizza executed command: tab
[2026/01/17 19:30:31   WARN]                  [World|default] Task took 37sec 610ms 814us ns: java.util.concurrent.CompletableFuture$AsyncRun@4b74a898
[2026/01/17 19:30:35   INFO]                  [QUICTransport] Received connection from QuicConnectionAddress{connId=} (/127.0.0.1:49638) to QuicConnectionAddress{connId=a5343e7f6cc1f91fe200e5a3dc0ce81aa2554a51} (/0.0.0.0:5520)
[2026/01/17 19:30:35   INFO]                         [Hytale] Received stream QuicConnectionAddress{connId=a5343e7f6cc1f91fe200e5a3dc0ce81aa2554a51} (/127.0.0.1:49638, streamId=0) to QuicConnectionAddress{connId=a5343e7f6cc1f91fe200e5a3dc0ce81aa2554a51} (/0.0.0.0:5520, streamId=0)
[2026/01/17 19:30:35 FINEST]                    [LoginTiming] setTimeout-initial
[2026/01/17 19:30:35   FINE]                    [LoginTiming] Registered took 116us 800ns
[2026/01/17 19:30:35   FINE]                    [LoginTiming] Connect took 429us 500ns
[2026/01/17 19:30:35   INFO]                         [Hytale] Starting authenticated flow for MrPizza (b4e8c74c-bbf1-4af8-b881-0d52ebb7af17) from QuicConnectionAddress{connId=a5343e7f6cc1f91fe200e5a3dc0ce81aa2554a51} (/127.0.0.1:49638, streamId=0)
[2026/01/17 19:30:35   INFO]                   [JWTValidator] Identity token validated successfully for user null (UUID: b4e8c74c-bbf1-4af8-b881-0d52ebb7af17)
[2026/01/17 19:30:35   INFO]               [HandshakeHandler] Identity token validated for MrPizza (UUID: b4e8c74c-bbf1-4af8-b881-0d52ebb7af17, scope: hytale:client) from QuicConnectionAddress{connId=a5343e7f6cc1f91fe200e5a3dc0ce81aa2554a51} (/127.0.0.1:49638, streamId=0), requesting auth grant
[2026/01/17 19:30:35 FINEST]                    [LoginTiming] setTimeout-auth-grant-timeout took 1ms 960us
[2026/01/17 19:30:35   INFO]           [SessionServiceClient] Requesting authorization grant with identity token, aud='a39b8cc9-226d-4fb2-93c2-dddc2ea1de1d'
[2026/01/17 19:30:36   INFO]           [SessionServiceClient] Successfully obtained authorization grant
[2026/01/17 19:30:36   INFO]               [HandshakeHandler] Sending AuthGrant to QuicConnectionAddress{connId=a5343e7f6cc1f91fe200e5a3dc0ce81aa2554a51} (/127.0.0.1:49638, streamId=0) (with server identity: true)
[2026/01/17 19:30:36 FINEST]                    [LoginTiming] setTimeout-auth-token-timeout took 521ms 494us 700ns
[2026/01/17 19:30:36   INFO]               [HandshakeHandler] Received AuthToken from QuicConnectionAddress{connId=a5343e7f6cc1f91fe200e5a3dc0ce81aa2554a51} (/127.0.0.1:49638, streamId=0), validating JWT (mTLS cert present: true, server auth grant: true)
[2026/01/17 19:30:36   INFO]                [CertificateUtil] Certificate binding validated successfully
[2026/01/17 19:30:36   INFO]                   [JWTValidator] JWT validated successfully for user MrPizza (UUID: b4e8c74c-bbf1-4af8-b881-0d52ebb7af17)
[2026/01/17 19:30:36 FINEST]                    [LoginTiming] setTimeout-server-token-exchange-timeout took 530ms 328us 800ns
[2026/01/17 19:30:36   INFO]           [SessionServiceClient] Exchanging authorization grant for access token
[2026/01/17 19:30:36   INFO]           [SessionServiceClient] Successfully obtained access token
[2026/01/17 19:30:36   INFO]               [HandshakeHandler] Sending ServerAuthToken to QuicConnectionAddress{connId=a5343e7f6cc1f91fe200e5a3dc0ce81aa2554a51} (/127.0.0.1:49638, streamId=0) (with password challenge: false)
[2026/01/17 19:30:36   INFO]               [HandshakeHandler] Mutual authentication complete for MrPizza (b4e8c74c-bbf1-4af8-b881-0d52ebb7af17) from QuicConnectionAddress{connId=a5343e7f6cc1f91fe200e5a3dc0ce81aa2554a51} (/127.0.0.1:49638, streamId=0)
[2026/01/17 19:30:36   FINE]                    [LoginTiming] Authenticated took 173ms 146us 800ns
[2026/01/17 19:30:36   INFO]          [PasswordPacketHandler] Connection complete for MrPizza (b4e8c74c-bbf1-4af8-b881-0d52ebb7af17), transitioning to setup
[2026/01/17 19:30:36 FINEST]                    [LoginTiming] setTimeout-send-world-settings took 322us 600ns
[2026/01/17 19:30:36   INFO]                         [Hytale] Found match of player b4e8c74c-bbf1-4af8-b881-0d52ebb7af17 on MrPizza
[2026/01/17 19:30:36   INFO]                         [Hytale] Disconnecting MrPizza at QuicConnectionAddress{connId=56b8c77910e3959eba2880834ec8d83fee560bcb} (/127.0.0.1:50337, streamId=0) with the message: You logged in again with the account!
[2026/01/17 19:30:36   INFO]                     [Universe|P] Removing player 'MrPizza' (b4e8c74c-bbf1-4af8-b881-0d52ebb7af17)
[2026/01/17 19:30:36   INFO]                  [PlayerSystems] Removing player 'MrPizza (MrPizza)' from world 'default' (b4e8c74c-bbf1-4af8-b881-0d52ebb7af17)
[2026/01/17 19:30:36   INFO]                         [Hytale] Disconnecting MrPizza at QuicConnectionAddress{connId=56b8c77910e3959eba2880834ec8d83fee560bcb} (/127.0.0.1:50337, streamId=0) with the message: Player removed from world!
[2026/01/17 19:30:36   INFO]                     [Universe|P] Removing player 'MrPizza' (b4e8c74c-bbf1-4af8-b881-0d52ebb7af17)
[2026/01/17 19:30:36   WARN]                         [Entity] Player removed from world! Player{uuid=b4e8c74c-bbf1-4af8-b881-0d52ebb7af17, clientViewRadius='12', LivingEntity{, Entity{id=-1, uuid=b4e8c74c-bbf1-4af8-b881-0d52ebb7af17, reference='null', world=null, displayName='null', wasRemoved='true', removedBy='java.lang.Throwable
[com.hypixel.hytale.server.core.entity.entities.Player.remove(Player.java:306), com.hypixel.hytale.server.core.universe.Universe.removePlayer(Universe.java:990), com.hypixel.hytale.server.core.io.handlers.game.GamePacketHandler.disconnect(GamePacketHandler.java:211), com.hypixel.hytale.server.core.io.handlers.SetupPacketHandler.lambda$registered0$1(SetupPacketHandler.java:145), com.hypixel.hytale.server.core.universe.world.World.consumeTaskQueue(World.java:894), com.hypixel.hytale.server.core.universe.world.World.tick(World.java:411), com.hypixel.hytale.server.core.util.thread.TickingThread.run(TickingThread.java:89), java.base/java.lang.Thread.run(Thread.java:1583)]'}}}
java.lang.Throwable
	at com.hypixel.hytale.server.core.entity.entities.Player.remove(Player.java:306)
	at com.hypixel.hytale.server.core.universe.Universe.removePlayer(Universe.java:990)
	at com.hypixel.hytale.server.core.io.handlers.game.GamePacketHandler.disconnect(GamePacketHandler.java:211)
	at com.hypixel.hytale.server.core.io.handlers.SetupPacketHandler.lambda$registered0$1(SetupPacketHandler.java:145)
	at com.hypixel.hytale.server.core.universe.world.World.consumeTaskQueue(World.java:894)
	at com.hypixel.hytale.server.core.universe.world.World.tick(World.java:411)
	at com.hypixel.hytale.server.core.util.thread.TickingThread.run(TickingThread.java:89)
	at java.base/java.lang.Thread.run(Thread.java:1583)

[2026/01/17 19:30:36   FINE]                    [LoginTiming] Load Player Config took 12ms 123us 200ns
[2026/01/17 19:30:36 FINEST]                    [LoginTiming] setTimeout-receive-assets-request took 29ms 514us 700ns
[2026/01/17 19:30:36   INFO]                         [Hytale] {Playing(null (null, streamId=0)), b4e8c74c-bbf1-4af8-b881-0d52ebb7af17, MrPizza} was closed.
[2026/01/17 19:30:36   INFO]                     [Universe|P] Removing player 'MrPizza' (b4e8c74c-bbf1-4af8-b881-0d52ebb7af17)
[2026/01/17 19:30:36   INFO]                  [QUICTransport] Connection closed: QuicheQuicConnectionStats[recv=10367, sent=35312, lost=0, retrans=0, sentBytes=33994056, recvBytes=664585, lostBytes=0, streamRetransBytes=0, pathsCount=1]
[2026/01/17 19:30:36   FINE]                    [LoginTiming] Request Assets took 79ms 95us 600ns
[2026/01/17 19:30:36 FINEST]                    [LoginTiming] setTimeout-send-assets took 301us 300ns
[2026/01/17 19:30:36   FINE]                    [LoginTiming] Send Common Assets took 214us 500ns
[2026/01/17 19:30:37   FINE]                    [LoginTiming] Send Config Assets took 134ms 798us 200ns
[2026/01/17 19:30:38   FINE]                    [LoginTiming] Player Options took 1sec 875ms 858us 600ns
[2026/01/17 19:30:38   INFO]                     [Universe|P] Adding player 'MrPizza (b4e8c74c-bbf1-4af8-b881-0d52ebb7af17)
[2026/01/17 19:30:38 FINEST]                    [LoginTiming] setTimeout-add-to-universe took 909us 300ns
[2026/01/17 19:30:38 FINEST]                    [LoginTiming] Load Player Config took 22ms 396us
[2026/01/17 19:30:38 FINEST]                    [LoginTiming] Processed Referral took 662us 800ns
[2026/01/17 19:30:38   WARN]                         [Hytale] {Playing(QuicConnectionAddress{connId=a5343e7f6cc1f91fe200e5a3dc0ce81aa2554a51} (/127.0.0.1:49638, streamId=0)), b4e8c74c-bbf1-4af8-b881-0d52ebb7af17, MrPizza} Added future for ClientReady packet?
[2026/01/17 19:30:38   INFO]                  [World|default] Adding player 'MrPizza' to world 'default' at location null (b4e8c74c-bbf1-4af8-b881-0d52ebb7af17)
[2026/01/17 19:30:38   INFO]                         [Hytale] {Playing(QuicConnectionAddress{connId=a5343e7f6cc1f91fe200e5a3dc0ce81aa2554a51} (/127.0.0.1:49638, streamId=0)), b4e8c74c-bbf1-4af8-b881-0d52ebb7af17, MrPizza}: Sent com.hypixel.hytale.protocol.packets.player.JoinWorld@45334a39
[2026/01/17 19:30:39   WARN]                         [Hytale] {Playing(QuicConnectionAddress{connId=a5343e7f6cc1f91fe200e5a3dc0ce81aa2554a51} (/127.0.0.1:49638, streamId=0)), b4e8c74c-bbf1-4af8-b881-0d52ebb7af17, MrPizza}: Received com.hypixel.hytale.protocol.packets.player.ClientReady@9da7
[2026/01/17 19:30:39   INFO]                  [World|default] Player 'MrPizza' joined world 'default' at location Vector3d{x=-375.13360595703125, y=122.0, z=166.35647583007812} (b4e8c74c-bbf1-4af8-b881-0d52ebb7af17)
[2026/01/17 19:30:39 FINEST]                    [LoginTiming] Add to World took 482ms 150us
[2026/01/17 19:30:39   FINE]                    [LoginTiming] Add To Universe took 497us 300ns
[2026/01/17 19:30:39   INFO]                [WorldMapTracker] Started Generating Map!
[2026/01/17 19:30:41   WARN] [Hytale] {Playing(QuicConnectionAddress{connId=a5343e7f6cc1f91fe200e5a3dc0ce81aa2554a51} (/127.0.0.1:49638, streamId=0)), b4e8c74c-bbf1-4af8-b881-0d52ebb7af17, MrPizza}: Received com.hypixel.hytale.protocol.packets.player.ClientReady@9da1
[2026/01/17 19:30:48   INFO] [CommandManager] MrPizza executed command: tab
[2026/01/17 19:30:55   WARN]  [World|default] Task took 6sec 560ms 932us 200ns ns: java.util.concurrent.CompletableFuture$AsyncRun@66f64e4a
[2026/01/17 19:30:58   INFO] [CommandManager] MrPizza executed command: tab
[2026/01/17 19:31:09   WARN]  [World|default] Task took 10sec 714ms 905us 400ns ns: java.util.concurrent.CompletableFuture$AsyncRun@5a11fe20
