[2026/02/21 19:25:51   INFO]           [HytaleServer] Starting HytaleServer
[2026/02/21 19:25:51   INFO]           [HytaleServer] Loading config...
[2026/02/21 19:25:51 SEVERE]                   [SERR] decodeJson: class com.hypixel.hytale.codec.DocumentContainingCodec
[2026/02/21 19:25:51   INFO]           [HytaleServer] Authentication mode: AUTHENTICATED
[2026/02/21 19:25:51   INFO]      [ServerAuthManager] No server tokens configured. Use /auth login to authenticate, or provide tokens via CLI/environment.
[2026/02/21 19:25:51   INFO]      [ServerAuthManager] Server session ID: 584f24f3-4afc-498b-b37f-6d7abc11b444
[2026/02/21 19:25:51   INFO]           [HytaleServer] Enabling Sentry
[2026/02/21 19:25:52   INFO]           [HytaleServer] Booting up HytaleServer - Version: 2026.02.19-1a311a592, Revision: 1a311a5921cb413cc899ada8941ff0b9ce1d64e1
[2026/02/21 19:25:52   INFO]           [HytaleServer] Setup phase...
[2026/02/21 19:25:52   INFO]          [PluginManager] Loading pending core plugins!
[2026/02/21 19:25:52   INFO]          [PluginManager] - Hytale:ConsoleModule
[2026/02/21 19:25:52   INFO]          [PluginManager] - Hytale:PermissionsModule
[2026/02/21 19:25:52   INFO]          [PluginManager] - Hytale:UpdateModule
[2026/02/21 19:25:52   INFO]          [PluginManager] - Hytale:FlyCameraModule
[2026/02/21 19:25:52   INFO]          [PluginManager] - Hytale:AssetModule
[2026/02/21 19:25:52   INFO]          [PluginManager] - Hytale:CommonAssetModule
[2026/02/21 19:25:52   INFO]          [PluginManager] - Hytale:CosmeticsModule
[2026/02/21 19:25:52   INFO]          [PluginManager] - Hytale:ServerManager
[2026/02/21 19:25:52   INFO]          [PluginManager] - Hytale:I18nModule
[2026/02/21 19:25:52   INFO]          [PluginManager] - Hytale:ItemModule
[2026/02/21 19:25:52   INFO]          [PluginManager] - Hytale:BlockTypeModule
[2026/02/21 19:25:52   INFO]          [PluginManager] - Hytale:LegacyModule
[2026/02/21 19:25:52   INFO]          [PluginManager] - Hytale:BlockModule
[2026/02/21 19:25:52   INFO]          [PluginManager] - Hytale:BlockStateModule
[2026/02/21 19:25:52   INFO]          [PluginManager] - Hytale:CollisionModule
[2026/02/21 19:25:52   INFO]          [PluginManager] - Hytale:BlockSetModule
[2026/02/21 19:25:52   INFO]          [PluginManager] - Hytale:MigrationModule
[2026/02/21 19:25:52   INFO]          [PluginManager] - Hytale:BlockHealthModule
[2026/02/21 19:25:52   INFO]          [PluginManager] - Hytale:PrefabSpawnerModule
[2026/02/21 19:25:52   INFO]          [PluginManager] - Hytale:TimeModule
[2026/02/21 19:25:52   INFO]          [PluginManager] - Hytale:AnchorActionModule
[2026/02/21 19:25:52   INFO]          [PluginManager] - Hytale:InteractionModule
[2026/02/21 19:25:52   INFO]          [PluginManager] - Hytale:EntityModule
[2026/02/21 19:25:52   INFO]          [PluginManager] - Hytale:EntityStatsModule
[2026/02/21 19:25:52   INFO]          [PluginManager] - Hytale:EntityUIModule
[2026/02/21 19:25:52   INFO]          [PluginManager] - Hytale:DamageModule
[2026/02/21 19:25:52   INFO]          [PluginManager] - Hytale:SplitVelocity
[2026/02/21 19:25:52   INFO]          [PluginManager] - Hytale:StaminaModule
[2026/02/21 19:25:52   INFO]          [PluginManager] - Hytale:DebugPlugin
[2026/02/21 19:25:52   INFO]          [PluginManager] - Hytale:ProjectileModule
[2026/02/21 19:25:52   INFO]          [PluginManager] - Hytale:ServerPlayerListModule
[2026/02/21 19:25:52   INFO]          [PluginManager] - Hytale:AccessControlModule
[2026/02/21 19:25:52   INFO]          [PluginManager] - Hytale:SingleplayerModule
[2026/02/21 19:25:52   INFO]          [PluginManager] - Hytale:Universe
[2026/02/21 19:25:52   INFO]          [PluginManager] - Hytale:ConnectedBlocksModule
[2026/02/21 19:25:52   INFO]          [PluginManager] Loading pending classpath plugins!
[2026/02/21 19:25:52   INFO]          [PluginManager] - Ellie:HyUI
[2026/02/21 19:25:52   INFO]          [PluginManager] - LucaStudios:EconomyPlus
[2026/02/21 19:25:52   INFO]          [PluginManager] - Hytale:AssetEditor
[2026/02/21 19:25:52   INFO]          [PluginManager] - Hytale:BlockSpawner
[2026/02/21 19:25:52   INFO]          [PluginManager] - Hytale:BlockTick
[2026/02/21 19:25:52   INFO]          [PluginManager] - Hytale:BlockPhysics
[2026/02/21 19:25:52   INFO]          [PluginManager] - Hytale:BuilderTools
[2026/02/21 19:25:52   INFO]          [PluginManager] - Hytale:Crafting
[2026/02/21 19:25:52   INFO]          [PluginManager] - Hytale:CommandMacro
[2026/02/21 19:25:52   INFO]          [PluginManager] - Hytale:Instances
[2026/02/21 19:25:52   INFO]          [PluginManager] - Hytale:LANDiscovery
[2026/02/21 19:25:52   INFO]          [PluginManager] - Hytale:NPC
[2026/02/21 19:25:52   INFO]          [PluginManager] - Hytale:NPCObjectives
[2026/02/21 19:25:52   INFO]          [PluginManager] - Hytale:ObjectiveReputation
[2026/02/21 19:25:52   INFO]          [PluginManager] - Hytale:Objectives
[2026/02/21 19:25:52   INFO]          [PluginManager] - Hytale:ObjectiveShop
[2026/02/21 19:25:52   INFO]          [PluginManager] - Hytale:Path
[2026/02/21 19:25:52   INFO]          [PluginManager] - Hytale:Reputation
[2026/02/21 19:25:52   INFO]          [PluginManager] - Hytale:NPCReputation
[2026/02/21 19:25:52   INFO]          [PluginManager] - Hytale:Shop
[2026/02/21 19:25:52   INFO]          [PluginManager] - Hytale:ShopReputation
[2026/02/21 19:25:52   INFO]          [PluginManager] - Hytale:NPCShop
[2026/02/21 19:25:52   INFO]          [PluginManager] - Hytale:NPCEditor
[2026/02/21 19:25:52   INFO]          [PluginManager] - Hytale:Stash
[2026/02/21 19:25:52   INFO]          [PluginManager] - Hytale:TagSet
[2026/02/21 19:25:52   INFO]          [PluginManager] - Hytale:Teleport
[2026/02/21 19:25:52   INFO]          [PluginManager] - Hytale:Fluid
[2026/02/21 19:25:52   INFO]          [PluginManager] - Hytale:Weather
[2026/02/21 19:25:52   INFO]          [PluginManager] - Hytale:WorldGen
[2026/02/21 19:25:52   INFO]          [PluginManager] - Hytale:Farming
[2026/02/21 19:25:52   INFO]          [PluginManager] - Hytale:Camera
[2026/02/21 19:25:52   INFO]          [PluginManager] - Hytale:WorldLocationCondition
[2026/02/21 19:25:52   INFO]          [PluginManager] - Hytale:NPCCombatActionEvaluator
[2026/02/21 19:25:52   INFO]          [PluginManager] - Hytale:Model
[2026/02/21 19:25:52   INFO]          [PluginManager] - Hytale:Mantling
[2026/02/21 19:25:52   INFO]          [PluginManager] - Hytale:SafetyRoll
[2026/02/21 19:25:52   INFO]          [PluginManager] - Hytale:SprintForce
[2026/02/21 19:25:52   INFO]          [PluginManager] - Hytale:CrouchSlide
[2026/02/21 19:25:52   INFO]          [PluginManager] - Hytale:Parkour
[2026/02/21 19:25:52   INFO]          [PluginManager] - Hytale:Mounts
[2026/02/21 19:25:52   INFO]          [PluginManager] - Hytale:HytaleGenerator
[2026/02/21 19:25:52   INFO]          [PluginManager] - Hytale:Teleporter
[2026/02/21 19:25:52   INFO]          [PluginManager] - Hytale:Memories
[2026/02/21 19:25:52   INFO]          [PluginManager] - Hytale:Deployables
[2026/02/21 19:25:52   INFO]          [PluginManager] - Hytale:Portals
[2026/02/21 19:25:52   INFO]          [PluginManager] - Hytale:Beds
[2026/02/21 19:25:52   INFO]          [PluginManager] - Hytale:Ambience
[2026/02/21 19:25:52   INFO]          [PluginManager] - Hytale:CreativeHub
[2026/02/21 19:25:52   INFO]          [PluginManager] - Hytale:RandomTick
[2026/02/21 19:25:52   INFO]          [PluginManager] Loading pending plugins from directory: mods
[2026/02/21 19:25:52   INFO]          [PluginManager] Loading pending plugins from directory: C:\Dev\HytaleMods\EconomyPlus\src\main
[2026/02/21 19:25:52   WARN]          [PluginManager] Plugin 'Ellie:HyUI' does not specify a target server version. You may encounter issues, please check for plugin updates. This will be a hard error in the future
[2026/02/21 19:25:52   WARN]          [PluginManager] Plugin 'LucaStudios:EconomyPlus' does not specify a target server version. You may encounter issues, please check for plugin updates. This will be a hard error in the future
[2026/02/21 19:25:52 SEVERE]          [PluginManager] One or more plugins are targeting a different server version. It is recommended to update these plugins to ensure compatibility.
[2026/02/21 19:25:52 SEVERE]          [PluginManager] Failed to load plugin C:\Dev\HytaleMods\EconomyPlus\build\resources\main
java.lang.NoClassDefFoundError: net/milkbowl/vault2/economy/Economy
	at java.base/java.lang.Class.getDeclaredConstructors0(Native Method)
	at java.base/java.lang.Class.privateGetDeclaredConstructors(Class.java:2985)
	at java.base/java.lang.Class.getConstructor0(Class.java:3180)
	at java.base/java.lang.Class.getConstructor(Class.java:2199)
	at com.hypixel.hytale.server.core.plugin.pending.PendingLoadJavaPlugin.load(PendingLoadJavaPlugin.java:43)
	at com.hypixel.hytale.server.core.plugin.pending.PendingLoadJavaPlugin.load(PendingLoadJavaPlugin.java:14)
	at com.hypixel.hytale.server.core.plugin.PluginManager.setup(PluginManager.java:240)
	at com.hypixel.hytale.server.core.HytaleServer.boot(HytaleServer.java:386)
	at com.hypixel.hytale.server.core.HytaleServer.<init>(HytaleServer.java:344)
	at com.hypixel.hytale.LateMain.lateMain(LateMain.java:56)
	at com.hypixel.hytale.Main.main(Main.java:43)
Caused by: java.lang.ClassNotFoundException: net.milkbowl.vault2.economy.Economy
	at java.base/jdk.internal.loader.BuiltinClassLoader.loadClass(BuiltinClassLoader.java:580)
	at java.base/java.lang.ClassLoader.loadClass(ClassLoader.java:490)
	... 11 more

[2026/02/21 19:25:53   INFO]           [HytaleServer] Shutdown triggered!!!
[2026/02/21 19:25:53   INFO]           [HytaleServer] Shutting down... 9  'Failed to boot the following plugins:
 - LucaStudios:EconomyPlus'
[2026/02/21 19:25:53   INFO]          [PluginManager] Saving plugins config...
[2026/02/21 19:25:53   INFO]           [HytaleServer] Saving config...
[2026/02/21 19:25:53   INFO]           [HytaleServer] Shutdown completed!
